Using pre-set license
Built from '2020.3/staging' branch; Version is '2020.3.6f1 (338bb68529b2) revision 3378102'; Using compiler version '192528614'; Build Type 'Release'
OS: 'Windows 10 Home; OS build 18363.1556; Version 1909; 64bit' Language: 'en' Physical Memory: 32708 MB
BatchMode: 1, IsHumanControllingUs: 0, StartBugReporterOnCrash: 0, Is64bit: 1, IsPro: 0

 COMMAND LINE ARGUMENTS:
E:\Unity\Editor\Unity.exe
-adb2
-batchMode
-noUpm
-name
AssetImportWorker0
-projectPath
E:/Users/Ben/Documents/GitHub/sound_and_audio_game/Audio Viking Village
-logFile
Logs/AssetImportWorker0.log
-srvPort
63574
Successfully changed project path to: E:/Users/Ben/Documents/GitHub/sound_and_audio_game/Audio Viking Village
E:/Users/Ben/Documents/GitHub/sound_and_audio_game/Audio Viking Village
Using Asset Import Pipeline V2.
Refreshing native plugins compatible for Editor in 76.19 ms, found 0 plugins.
Preloading 0 native plugins for Editor in 0.00 ms.
Initialize engine version: 2020.3.6f1 (338bb68529b2)
[Subsystems] Discovering subsystems at path E:/Unity/Editor/Data/Resources/UnitySubsystems
[Subsystems] Discovering subsystems at path E:/Users/Ben/Documents/GitHub/sound_and_audio_game/Audio Viking Village/Assets
GfxDevice: creating device client; threaded=0
Direct3D:
    Version:  Direct3D 11.0 [level 11.1]
    Renderer: NVIDIA GeForce RTX 2080 (ID=0x1e87)
    Vendor:   
    VRAM:     8010 MB
    Driver:   30.0.14.9613
Shader 'Universal Render Pipeline/Particles/Lit': fallback shader 'Universal Render Pipeline/Particles/SimpleLit' not found
Initialize mono
Mono path[0] = 'E:/Unity/Editor/Data/Managed'
Mono path[1] = 'E:/Unity/Editor/Data/MonoBleedingEdge/lib/mono/unityjit'
Mono config path = 'E:/Unity/Editor/Data/MonoBleedingEdge/etc'
Using monoOptions --debugger-agent=transport=dt_socket,embedding=1,server=y,suspend=n,address=127.0.0.1:56784
Begin MonoManager ReloadAssembly
Registering precompiled unity dll's ...
Register platform support module: E:/Unity/Editor/Data/PlaybackEngines/WindowsStandaloneSupport/UnityEditor.WindowsStandalone.Extensions.dll
Registered in 0.002215 seconds.
Native extension for WindowsStandalone target not found
Refreshing native plugins compatible for Editor in 55.64 ms, found 0 plugins.
Preloading 0 native plugins for Editor in 0.00 ms.
Mono: successfully reloaded assembly
- Completed reload, in  1.251 seconds
Platform modules already initialized, skipping
Registering precompiled user dll's ...
Registered in 0.001541 seconds.
Begin MonoManager ReloadAssembly
Native extension for WindowsStandalone target not found
Refreshing native plugins compatible for Editor in 87.74 ms, found 0 plugins.
Preloading 0 native plugins for Editor in 0.00 ms.
Mono: successfully reloaded assembly
- Completed reload, in  7.155 seconds
Platform modules already initialized, skipping
========================================================================
Worker process is ready to serve import requests
Shader 'Universal Render Pipeline/Particles/Lit': fallback shader 'Universal Render Pipeline/Particles/SimpleLit' not found
Launched and connected shader compiler UnityShaderCompiler.exe after 0.09 seconds
Refreshing native plugins compatible for Editor in 0.48 ms, found 0 plugins.
Preloading 0 native plugins for Editor in 0.00 ms.
Unloading 2575 Unused Serialized files (Serialized files now loaded: 0)
System memory in use before: 121.5 MB.
System memory in use after: 121.7 MB.

Unloading 12 unused Assets to reduce memory usage. Loaded Objects now: 3016.
Total: 2.408300 ms (FindLiveObjects: 0.220100 ms CreateObjectMapping: 0.120400 ms MarkObjects: 1.989200 ms  DeleteObjects: 0.077200 ms)

========================================================================
Received Import Request.
  path: Assets/Viking Village/Scenes
  artifactKey: Guid(3c40643b727c84c9cb37d46aa5fab696) Importer(815301076,1909f56bfc062723c751e8b465ee728b)
Start importing Assets/Viking Village/Scenes using Guid(3c40643b727c84c9cb37d46aa5fab696) Importer(815301076,1909f56bfc062723c751e8b465ee728b)  -> (artifact id: 'a68fc819fc92c2c47b613cb26be0497b') in 0.023463 seconds
  Import took 0.027335 seconds .

========================================================================
Received Import Request.
  Time since last request: 0.000351 seconds.
  path: Assets/Viking Village/Scenes/The_Viking_Village.unity
  artifactKey: Guid(217f50a4b9fbfda41b4f6faee8d22d02) Importer(815301076,1909f56bfc062723c751e8b465ee728b)
Start importing Assets/Viking Village/Scenes/The_Viking_Village.unity using Guid(217f50a4b9fbfda41b4f6faee8d22d02) Importer(815301076,1909f56bfc062723c751e8b465ee728b)  -> (artifact id: '9ce530da2a9faf2b63b65513e51302b1') in 0.011000 seconds
  Import took 0.015292 seconds .

AssetImportWorkerClient::OnTransportError - code=2 error=End of file
