Using pre-set license

 COMMAND LINE ARGUMENTS:
/Applications/Unity/Unity.app/Contents/MacOS/Unity
-adb2
-batchMode
-noUpm
-name
AssetImportWorker0
-projectPath
/Users/s18120200/Documents/GitHub/sound_and_audio_game/Audio_Game
-logFile
Logs/AssetImportWorker0.log
-srvPort
60038
Successfully changed project path to: /Users/s18120200/Documents/GitHub/sound_and_audio_game/Audio_Game
/Users/s18120200/Documents/GitHub/sound_and_audio_game/Audio_Game
Using Asset Import Pipeline V2.
Refreshing native plugins compatible for Editor in 18.70 ms, found 1 plugins.
Preloading 0 native plugins for Editor in 0.00 ms.
Initialize engine version: 2020.3.6f1 (338bb68529b2)
[Subsystems] Discovering subsystems at path /Applications/Unity/Unity.app/Contents/Resources/UnitySubsystems
[Subsystems] Discovering subsystems at path /Users/s18120200/Documents/GitHub/sound_and_audio_game/Audio_Game/Assets
GfxDevice: creating device client; threaded=0
2022-04-05 13:13:53.529 Unity[80884:5964464] iMac preferred device: AMD Radeon Pro 575 (high power)
2022-04-05 13:13:53.529 Unity[80884:5964464] Metal devices available: 1
2022-04-05 13:13:53.529 Unity[80884:5964464] 0: AMD Radeon Pro 575 (high power)
2022-04-05 13:13:53.529 Unity[80884:5964464] Using device AMD Radeon Pro 575 (high power)
Initializing Metal device caps: AMD Radeon Pro 575
Initialize mono
Mono path[0] = '/Applications/Unity/Unity.app/Contents/Managed'
Mono path[1] = '/Applications/Unity/Unity.app/Contents/MonoBleedingEdge/lib/mono/unityjit'
Mono config path = '/Applications/Unity/Unity.app/Contents/MonoBleedingEdge/etc'
Using monoOptions --debugger-agent=transport=dt_socket,embedding=1,server=y,suspend=n,address=127.0.0.1:56884
Begin MonoManager ReloadAssembly
Registering precompiled unity dll's ...
Register platform support module: /Applications/Unity/Unity.app/Contents/PlaybackEngines/MacStandaloneSupport/UnityEditor.OSXStandalone.Extensions.dll
Registered in 0.000513 seconds.
Native extension for OSXStandalone target not found
Refreshing native plugins compatible for Editor in 20.20 ms, found 1 plugins.
Preloading 0 native plugins for Editor in 0.00 ms.
Mono: successfully reloaded assembly
- Completed reload, in  1.767 seconds
Platform modules already initialized, skipping
Registering precompiled user dll's ...
Registered in 0.000340 seconds.
Begin MonoManager ReloadAssembly
Native extension for OSXStandalone target not found
Refreshing native plugins compatible for Editor in 0.27 ms, found 1 plugins.
Preloading 0 native plugins for Editor in 0.00 ms.
Mono: successfully reloaded assembly
- Completed reload, in  0.831 seconds
Platform modules already initialized, skipping
========================================================================
Worker process is ready to serve import requests
Launching external process: /Applications/Unity/Unity.app/Contents/Tools/UnityShaderCompiler
Launched and connected shader compiler UnityShaderCompiler after 0.01 seconds
Refreshing native plugins compatible for Editor in 0.18 ms, found 1 plugins.
Preloading 0 native plugins for Editor in 0.00 ms.
Unloading 1115 Unused Serialized files (Serialized files now loaded: 0)
System memory in use before: 106.0 MB.
System memory in use after: 106.0 MB.

Unloading 10 unused Assets to reduce memory usage. Loaded Objects now: 1557.
Total: 1.975826 ms (FindLiveObjects: 0.130751 ms CreateObjectMapping: 0.033889 ms MarkObjects: 1.738671 ms  DeleteObjects: 0.071288 ms)

========================================================================
Received Import Request.
  path: Assets/Scenes
  artifactKey: Guid(b1e1d8ce0463d4e1196c3b7c0dc5fc3c) Importer(815301076,1909f56bfc062723c751e8b465ee728b)
Start importing Assets/Scenes using Guid(b1e1d8ce0463d4e1196c3b7c0dc5fc3c) Importer(815301076,1909f56bfc062723c751e8b465ee728b)  -> (artifact id: '7f9837a7d39cfaa73344ffd20b6dc79b') in 0.002517 seconds
  Import took 0.004260 seconds .

========================================================================
Received Prepare
Refreshing native plugins compatible for Editor in 0.50 ms, found 1 plugins.
Preloading 0 native plugins for Editor in 0.00 ms.
Unloading 42 Unused Serialized files (Serialized files now loaded: 0)
System memory in use before: 85.2 MB.
System memory in use after: 85.2 MB.

Unloading 9 unused Assets to reduce memory usage. Loaded Objects now: 1590.
Total: 1.394225 ms (FindLiveObjects: 0.189405 ms CreateObjectMapping: 0.032958 ms MarkObjects: 1.079305 ms  DeleteObjects: 0.091821 ms)

========================================================================
Received Prepare
Refreshing native plugins compatible for Editor in 0.76 ms, found 1 plugins.
Preloading 0 native plugins for Editor in 0.00 ms.
Unloading 9 Unused Serialized files (Serialized files now loaded: 0)
System memory in use before: 84.6 MB.
System memory in use after: 84.6 MB.

Unloading 9 unused Assets to reduce memory usage. Loaded Objects now: 1590.
Total: 1.619935 ms (FindLiveObjects: 0.181610 ms CreateObjectMapping: 0.040841 ms MarkObjects: 1.226865 ms  DeleteObjects: 0.169499 ms)

========================================================================
Received Import Request.
  Time since last request: 609.118139 seconds.
  path: Assets/Viking Village
  artifactKey: Guid(c5b5bcc98acb771468e6400936d19053) Importer(815301076,1909f56bfc062723c751e8b465ee728b)
Start importing Assets/Viking Village using Guid(c5b5bcc98acb771468e6400936d19053) Importer(815301076,1909f56bfc062723c751e8b465ee728b)  -> (artifact id: 'c55eb4aa1e81bd4cda1f4163d8579203') in 0.002498 seconds
  Import took 0.004094 seconds .

========================================================================
Received Import Request.
  Time since last request: 240.500777 seconds.
  path: Assets/Viking Village/Textures/Effects/fx_flame_01_d.tif
  artifactKey: Guid(94a2ed6817826da4f8b7f7c1c7e7f6ec) Importer(815301076,1909f56bfc062723c751e8b465ee728b)
Start importing Assets/Viking Village/Textures/Effects/fx_flame_01_d.tif using Guid(94a2ed6817826da4f8b7f7c1c7e7f6ec) Importer(815301076,1909f56bfc062723c751e8b465ee728b)  -> (artifact id: '56a9573624df689650d92a3190a21394') in 0.825037 seconds
  Import took 0.826709 seconds .

========================================================================
Received Import Request.
  Time since last request: 0.000175 seconds.
  path: Assets/Viking Village/Textures/Buildings/build_crane_01_sg.tif
  artifactKey: Guid(b6f5fe5c7e85d2c488b791c9ba6f6121) Importer(815301076,1909f56bfc062723c751e8b465ee728b)
Start importing Assets/Viking Village/Textures/Buildings/build_crane_01_sg.tif using Guid(b6f5fe5c7e85d2c488b791c9ba6f6121) Importer(815301076,1909f56bfc062723c751e8b465ee728b)  -> (artifact id: '7159544fb97c87894d8c05610f5cd3f3') in 0.017410 seconds
  Import took 0.018843 seconds .

========================================================================
Received Import Request.
  Time since last request: 0.000186 seconds.
  path: Assets/Viking Village/Textures/Buildings/build_building_01_a.tif
  artifactKey: Guid(7e2a7f9207a3041c3ab551bdc38c01f7) Importer(815301076,1909f56bfc062723c751e8b465ee728b)
Start importing Assets/Viking Village/Textures/Buildings/build_building_01_a.tif using Guid(7e2a7f9207a3041c3ab551bdc38c01f7) Importer(815301076,1909f56bfc062723c751e8b465ee728b)  -> (artifact id: 'd38f3ec820166da808c755a4babc2c7b') in 0.017826 seconds
  Import took 0.019210 seconds .

========================================================================
Received Import Request.
  Time since last request: 0.000167 seconds.
  path: Assets/Viking Village/Textures/Buildings/build_crane_01_n.tif
  artifactKey: Guid(ea0a92e8a50e62240b6bc279aebedd17) Importer(815301076,1909f56bfc062723c751e8b465ee728b)
Start importing Assets/Viking Village/Textures/Buildings/build_crane_01_n.tif using Guid(ea0a92e8a50e62240b6bc279aebedd17) Importer(815301076,1909f56bfc062723c751e8b465ee728b)  -> (artifact id: '0fbb320e2de95f8cf5319c0bf51af833') in 0.083950 seconds
  Import took 0.085702 seconds .

========================================================================
Received Import Request.
  Time since last request: 0.000204 seconds.
  path: Assets/Viking Village/Textures/Buildings/build_gate_02_n.tif
  artifactKey: Guid(f74d23d2f158f8249a09708013f1fdc1) Importer(815301076,1909f56bfc062723c751e8b465ee728b)
Start importing Assets/Viking Village/Textures/Buildings/build_gate_02_n.tif using Guid(f74d23d2f158f8249a09708013f1fdc1) Importer(815301076,1909f56bfc062723c751e8b465ee728b)  -> (artifact id: '15328bce32eba1a090628bae2264fc71') in 0.007884 seconds
  Import took 0.009581 seconds .

========================================================================
Received Import Request.
  Time since last request: 0.000164 seconds.
  path: Assets/Viking Village/Textures/Buildings/build_building_02_n.tif
  artifactKey: Guid(7c698ee313030466c876f42787f03454) Importer(815301076,1909f56bfc062723c751e8b465ee728b)
Start importing Assets/Viking Village/Textures/Buildings/build_building_02_n.tif using Guid(7c698ee313030466c876f42787f03454) Importer(815301076,1909f56bfc062723c751e8b465ee728b)  -> (artifact id: '1bd18ddb0225ca56f57094403c57d49b') in 0.029933 seconds
  Import took 0.034319 seconds .

========================================================================
Received Import Request.
  Time since last request: 0.000195 seconds.
  path: Assets/Viking Village/Textures/Buildings/build_boat_01_o.tif
  artifactKey: Guid(5345e25b5d4658f44bb826ad911746a1) Importer(815301076,1909f56bfc062723c751e8b465ee728b)
Start importing Assets/Viking Village/Textures/Buildings/build_boat_01_o.tif using Guid(5345e25b5d4658f44bb826ad911746a1) Importer(815301076,1909f56bfc062723c751e8b465ee728b)  -> (artifact id: '6e59aaa3a4270c6bc7ee639ed87e436f') in 0.006784 seconds
  Import took 0.008447 seconds .

========================================================================
Received Import Request.
  Time since last request: 0.000150 seconds.
  path: Assets/Viking Village/Textures/Buildings/build_building_01_n.tif
  artifactKey: Guid(5f760959571654ec89315e48935ff19a) Importer(815301076,1909f56bfc062723c751e8b465ee728b)
Start importing Assets/Viking Village/Textures/Buildings/build_building_01_n.tif using Guid(5f760959571654ec89315e48935ff19a) Importer(815301076,1909f56bfc062723c751e8b465ee728b)  -> (artifact id: '7e72fcac0d4ae79781fe806e949cf7a1') in 0.030000 seconds
  Import took 0.033614 seconds .

========================================================================
Received Import Request.
  Time since last request: 0.000193 seconds.
  path: Assets/Viking Village/Textures/Buildings/build_crane_02_o.tif
  artifactKey: Guid(683c1dcb02f6e5448b6885fb430c4e83) Importer(815301076,1909f56bfc062723c751e8b465ee728b)
Start importing Assets/Viking Village/Textures/Buildings/build_crane_02_o.tif using Guid(683c1dcb02f6e5448b6885fb430c4e83) Importer(815301076,1909f56bfc062723c751e8b465ee728b)  -> (artifact id: '132bfcd84da9c1970b645997343529aa') in 0.007269 seconds
  Import took 0.008954 seconds .

========================================================================
Received Import Request.
  Time since last request: 0.000226 seconds.
  path: Assets/Viking Village/Textures/Buildings/build_gate_01_o.tif
  artifactKey: Guid(f38eb69dc07e1fd46b8f65c07128c4f7) Importer(815301076,1909f56bfc062723c751e8b465ee728b)
Start importing Assets/Viking Village/Textures/Buildings/build_gate_01_o.tif using Guid(f38eb69dc07e1fd46b8f65c07128c4f7) Importer(815301076,1909f56bfc062723c751e8b465ee728b)  -> (artifact id: 'ffefc5fd48d81f577b30d5e172c40618') in 0.005882 seconds
  Import took 0.007674 seconds .

========================================================================
Received Import Request.
  Time since last request: 0.000280 seconds.
  path: Assets/Viking Village/Textures/Buildings/build_boat_01_a.tif
  artifactKey: Guid(bf5b2ec731c13964a9fa211be49310a9) Importer(815301076,1909f56bfc062723c751e8b465ee728b)
Start importing Assets/Viking Village/Textures/Buildings/build_boat_01_a.tif using Guid(bf5b2ec731c13964a9fa211be49310a9) Importer(815301076,1909f56bfc062723c751e8b465ee728b)  -> (artifact id: '50e12277275ddd0de66958a3b24bd32d') in 0.011174 seconds
  Import took 0.012996 seconds .

========================================================================
Received Import Request.
  Time since last request: 0.000211 seconds.
  path: Assets/Viking Village/Textures/Effects/fx_smoke_01_d.tif
  artifactKey: Guid(61a2cde4348944047813a51b3cf82c8b) Importer(815301076,1909f56bfc062723c751e8b465ee728b)
Start importing Assets/Viking Village/Textures/Effects/fx_smoke_01_d.tif using Guid(61a2cde4348944047813a51b3cf82c8b) Importer(815301076,1909f56bfc062723c751e8b465ee728b)  -> (artifact id: '187657bc7f7a09eca47defe332e74058') in 0.006145 seconds
  Import took 0.008479 seconds .

========================================================================
Received Import Request.
  Time since last request: 0.000237 seconds.
  path: Assets/Viking Village/Textures/Buildings/build_building_02_o.tif
  artifactKey: Guid(bee0ea6db30134b559ee5ffa2a13eb93) Importer(815301076,1909f56bfc062723c751e8b465ee728b)
Start importing Assets/Viking Village/Textures/Buildings/build_building_02_o.tif using Guid(bee0ea6db30134b559ee5ffa2a13eb93) Importer(815301076,1909f56bfc062723c751e8b465ee728b)  -> (artifact id: 'dc274153eb341305738d6c7c634cee99') in 0.009689 seconds
  Import took 0.012422 seconds .

========================================================================
Received Import Request.
  Time since last request: 0.000214 seconds.
  path: Assets/Viking Village/Textures/Buildings/build_building_01_o.tif
  artifactKey: Guid(27cb5c39dee5a4f6facebf8e51a93ee3) Importer(815301076,1909f56bfc062723c751e8b465ee728b)
Start importing Assets/Viking Village/Textures/Buildings/build_building_01_o.tif using Guid(27cb5c39dee5a4f6facebf8e51a93ee3) Importer(815301076,1909f56bfc062723c751e8b465ee728b)  -> (artifact id: 'df8f3f46be455b2b5699405dfb37929e') in 0.010741 seconds
  Import took 0.013080 seconds .

========================================================================
Received Import Request.
  Time since last request: 0.000203 seconds.
  path: Assets/Viking Village/Textures/Buildings/build_building_02_a.tif
  artifactKey: Guid(67d6d927e75e1472d93b786861d54640) Importer(815301076,1909f56bfc062723c751e8b465ee728b)
Start importing Assets/Viking Village/Textures/Buildings/build_building_02_a.tif using Guid(67d6d927e75e1472d93b786861d54640) Importer(815301076,1909f56bfc062723c751e8b465ee728b)  -> (artifact id: 'a3f08a94e8c3e156c54e0231900463f7') in 0.033183 seconds
  Import took 0.037494 seconds .

========================================================================
Received Import Request.
  Time since last request: 0.000197 seconds.
  path: Assets/Viking Village/Textures/Buildings/build_gate_01_a.tif
  artifactKey: Guid(ac5923cea27713043a2d5a947f90f948) Importer(815301076,1909f56bfc062723c751e8b465ee728b)
Start importing Assets/Viking Village/Textures/Buildings/build_gate_01_a.tif using Guid(ac5923cea27713043a2d5a947f90f948) Importer(815301076,1909f56bfc062723c751e8b465ee728b)  -> (artifact id: 'eef60da70550e6ab307aa9b4ec9c230c') in 0.006784 seconds
  Import took 0.008740 seconds .

========================================================================
Received Import Request.
  Time since last request: 0.000191 seconds.
  path: Assets/Viking Village/Textures/Buildings/build_dragonhead_01_o.tif
  artifactKey: Guid(72c790efad7a83e40bffe34794501e94) Importer(815301076,1909f56bfc062723c751e8b465ee728b)
Start importing Assets/Viking Village/Textures/Buildings/build_dragonhead_01_o.tif using Guid(72c790efad7a83e40bffe34794501e94) Importer(815301076,1909f56bfc062723c751e8b465ee728b)  -> (artifact id: '23ef11a560e776905674048533d3d8bc') in 0.007132 seconds
  Import took 0.008870 seconds .

========================================================================
Received Import Request.
  Time since last request: 0.000175 seconds.
  path: Assets/Viking Village/Textures/Buildings/build_boat_01_n.tif
  artifactKey: Guid(8707c26f5e1c8d64a9a314c573544843) Importer(815301076,1909f56bfc062723c751e8b465ee728b)
Start importing Assets/Viking Village/Textures/Buildings/build_boat_01_n.tif using Guid(8707c26f5e1c8d64a9a314c573544843) Importer(815301076,1909f56bfc062723c751e8b465ee728b)  -> (artifact id: 'dea8ddea6e3fa3ee615371af96d86e8c') in 0.011956 seconds
  Import took 0.014079 seconds .

========================================================================
Received Import Request.
  Time since last request: 0.000188 seconds.
  path: Assets/Viking Village/Textures/Buildings/build_crane_02_sg.tif
  artifactKey: Guid(eda69853e3b04b2448a32e57ed72bddc) Importer(815301076,1909f56bfc062723c751e8b465ee728b)
Start importing Assets/Viking Village/Textures/Buildings/build_crane_02_sg.tif using Guid(eda69853e3b04b2448a32e57ed72bddc) Importer(815301076,1909f56bfc062723c751e8b465ee728b)  -> (artifact id: '6c8de2dc41bbdfbdb704a6a9063ec001') in 0.008662 seconds
  Import took 0.010409 seconds .

========================================================================
Received Import Request.
  Time since last request: 0.000214 seconds.
  path: Assets/Viking Village/Textures/Buildings/build_gate_01_n.tif
  artifactKey: Guid(bee684098c479c64fa8bf8f50c2544be) Importer(815301076,1909f56bfc062723c751e8b465ee728b)
Start importing Assets/Viking Village/Textures/Buildings/build_gate_01_n.tif using Guid(bee684098c479c64fa8bf8f50c2544be) Importer(815301076,1909f56bfc062723c751e8b465ee728b)  -> (artifact id: '10035492fe58c71892d3503fa04fd26a') in 0.010724 seconds
  Import took 0.012245 seconds .

========================================================================
Received Import Request.
  Time since last request: 0.000180 seconds.
  path: Assets/Viking Village/Textures/Buildings/build_boat_02_o.tif
  artifactKey: Guid(4714b6f54dc582b4c979021e1e9c5900) Importer(815301076,1909f56bfc062723c751e8b465ee728b)
Start importing Assets/Viking Village/Textures/Buildings/build_boat_02_o.tif using Guid(4714b6f54dc582b4c979021e1e9c5900) Importer(815301076,1909f56bfc062723c751e8b465ee728b)  -> (artifact id: '6df6544003fd6f3586c0783d10760ee5') in 0.006400 seconds
  Import took 0.008058 seconds .

========================================================================
Received Import Request.
  Time since last request: 0.000183 seconds.
  path: Assets/Viking Village/Textures/Buildings/build_crane_02_n.tif
  artifactKey: Guid(9b92ddb82ca33194a96a1615395536b0) Importer(815301076,1909f56bfc062723c751e8b465ee728b)
Start importing Assets/Viking Village/Textures/Buildings/build_crane_02_n.tif using Guid(9b92ddb82ca33194a96a1615395536b0) Importer(815301076,1909f56bfc062723c751e8b465ee728b)  -> (artifact id: '2b5647e55b6d5f98c00e0d78724a1962') in 0.011199 seconds
  Import took 0.012779 seconds .

========================================================================
Received Import Request.
  Time since last request: 0.000187 seconds.
  path: Assets/Viking Village/Textures/Effects/ParticleFlamesSheet.png
  artifactKey: Guid(0152e34d879bd824db6f38da8f357687) Importer(815301076,1909f56bfc062723c751e8b465ee728b)
Start importing Assets/Viking Village/Textures/Effects/ParticleFlamesSheet.png using Guid(0152e34d879bd824db6f38da8f357687) Importer(815301076,1909f56bfc062723c751e8b465ee728b)  -> (artifact id: '404aa7f9544c847d3ffdf613d849cd25') in 0.756060 seconds
  Import took 0.757532 seconds .

========================================================================
Received Import Request.
  Time since last request: 0.000188 seconds.
  path: Assets/Viking Village/Textures/Buildings/build_building_02_sg.tif
  artifactKey: Guid(c77bb86e08c2f514eb12398fed8a4427) Importer(815301076,1909f56bfc062723c751e8b465ee728b)
Start importing Assets/Viking Village/Textures/Buildings/build_building_02_sg.tif using Guid(c77bb86e08c2f514eb12398fed8a4427) Importer(815301076,1909f56bfc062723c751e8b465ee728b)  -> (artifact id: '7d6b5ca3f5bd685437aeaa1fb665665e') in 0.010126 seconds
  Import took 0.011627 seconds .

========================================================================
Received Import Request.
  Time since last request: 0.000237 seconds.
  path: Assets/Viking Village/Textures/Buildings/build_boat_02_n.tif
  artifactKey: Guid(b0a40f304ba3d5c42a00c73644c4220d) Importer(815301076,1909f56bfc062723c751e8b465ee728b)
Start importing Assets/Viking Village/Textures/Buildings/build_boat_02_n.tif using Guid(b0a40f304ba3d5c42a00c73644c4220d) Importer(815301076,1909f56bfc062723c751e8b465ee728b)  -> (artifact id: '954ac9523af2ca3c9fb0602b72baa367') in 0.007016 seconds
  Import took 0.008781 seconds .

========================================================================
Received Import Request.
  Time since last request: 0.000193 seconds.
  path: Assets/Viking Village/Textures/Buildings/build_crane_01_o.tif
  artifactKey: Guid(0b054cddfb6ec5b44808ecffbbc23243) Importer(815301076,1909f56bfc062723c751e8b465ee728b)
Start importing Assets/Viking Village/Textures/Buildings/build_crane_01_o.tif using Guid(0b054cddfb6ec5b44808ecffbbc23243) Importer(815301076,1909f56bfc062723c751e8b465ee728b)  -> (artifact id: 'd4fe13517ce1ac7d5d83a547c71cc728') in 0.005321 seconds
  Import took 0.007560 seconds .

========================================================================
Received Import Request.
  Time since last request: 0.000206 seconds.
  path: Assets/Viking Village/Textures/Buildings/build_dragonhead_01_a.tif
  artifactKey: Guid(dd802b999a449eb44b718cae84835eae) Importer(815301076,1909f56bfc062723c751e8b465ee728b)
Start importing Assets/Viking Village/Textures/Buildings/build_dragonhead_01_a.tif using Guid(dd802b999a449eb44b718cae84835eae) Importer(815301076,1909f56bfc062723c751e8b465ee728b)  -> (artifact id: 'd0eb7c2cc4970b24de2e1c4e3e885fa4') in 0.006338 seconds
  Import took 0.008488 seconds .

========================================================================
Received Import Request.
  Time since last request: 0.000214 seconds.
  path: Assets/Viking Village/Textures/Buildings/build_boat_01_sg.tif
  artifactKey: Guid(77155b43427e6484faa84f5c6148987e) Importer(815301076,1909f56bfc062723c751e8b465ee728b)
Start importing Assets/Viking Village/Textures/Buildings/build_boat_01_sg.tif using Guid(77155b43427e6484faa84f5c6148987e) Importer(815301076,1909f56bfc062723c751e8b465ee728b)  -> (artifact id: '9b5c15cfe9a47107ced680d40fe8c3b3') in 0.008445 seconds
  Import took 0.010335 seconds .

========================================================================
Received Import Request.
  Time since last request: 0.000212 seconds.
  path: Assets/Viking Village/Textures/Buildings/build_boat_02_a.tif
  artifactKey: Guid(5257b682a706e5949be9ce61c41d8aa1) Importer(815301076,1909f56bfc062723c751e8b465ee728b)
Start importing Assets/Viking Village/Textures/Buildings/build_boat_02_a.tif using Guid(5257b682a706e5949be9ce61c41d8aa1) Importer(815301076,1909f56bfc062723c751e8b465ee728b)  -> (artifact id: '829014e0ccf509480da281e9e5efaa7a') in 0.004710 seconds
  Import took 0.006259 seconds .

========================================================================
Received Import Request.
  Time since last request: 0.000178 seconds.
  path: Assets/Viking Village/Textures/Buildings/build_gate_02_a.tif
  artifactKey: Guid(0bf272a558270264cb32b4c74d803e25) Importer(815301076,1909f56bfc062723c751e8b465ee728b)
Start importing Assets/Viking Village/Textures/Buildings/build_gate_02_a.tif using Guid(0bf272a558270264cb32b4c74d803e25) Importer(815301076,1909f56bfc062723c751e8b465ee728b)  -> (artifact id: 'dc5b2c47ed87bb4ec45b9a8aabeec07a') in 0.004941 seconds
  Import took 0.006485 seconds .

========================================================================
Received Import Request.
  Time since last request: 0.000208 seconds.
  path: Assets/Viking Village/Textures/Buildings/build_gate_02_o.tif
  artifactKey: Guid(abd561da7892df443b86edd1e80a1fed) Importer(815301076,1909f56bfc062723c751e8b465ee728b)
Start importing Assets/Viking Village/Textures/Buildings/build_gate_02_o.tif using Guid(abd561da7892df443b86edd1e80a1fed) Importer(815301076,1909f56bfc062723c751e8b465ee728b)  -> (artifact id: '77203ac63791e527f714fa813da5b6fb') in 0.004206 seconds
  Import took 0.005751 seconds .

========================================================================
Received Import Request.
  Time since last request: 0.000228 seconds.
  path: Assets/Viking Village/Textures/Buildings/build_building_01_m.tif
  artifactKey: Guid(f64853ec2d7f162439af372a7e1e51da) Importer(815301076,1909f56bfc062723c751e8b465ee728b)
Start importing Assets/Viking Village/Textures/Buildings/build_building_01_m.tif using Guid(f64853ec2d7f162439af372a7e1e51da) Importer(815301076,1909f56bfc062723c751e8b465ee728b)  -> (artifact id: '74cc9522cae691bf114570a6412ff4da') in 0.005026 seconds
  Import took 0.006839 seconds .

========================================================================
Received Import Request.
  Time since last request: 0.000176 seconds.
  path: Assets/Viking Village/Textures/Buildings/build_crane_01_a.tif
  artifactKey: Guid(53a88f4f8a300b743a67752fa6fb5390) Importer(815301076,1909f56bfc062723c751e8b465ee728b)
Start importing Assets/Viking Village/Textures/Buildings/build_crane_01_a.tif using Guid(53a88f4f8a300b743a67752fa6fb5390) Importer(815301076,1909f56bfc062723c751e8b465ee728b)  -> (artifact id: 'ba32c1af112532f15e637836085f9ac1') in 0.006650 seconds
  Import took 0.008211 seconds .

========================================================================
Received Import Request.
  Time since last request: 0.000226 seconds.
  path: Assets/Viking Village/Textures/Buildings/build_building_01_sg.tif
  artifactKey: Guid(61a82b179d912bc49a846fcbeb2e60d5) Importer(815301076,1909f56bfc062723c751e8b465ee728b)
Start importing Assets/Viking Village/Textures/Buildings/build_building_01_sg.tif using Guid(61a82b179d912bc49a846fcbeb2e60d5) Importer(815301076,1909f56bfc062723c751e8b465ee728b)  -> (artifact id: '8576d7ce33d3cfd3fbc43cbd34e498e1') in 0.008700 seconds
  Import took 0.010647 seconds .

========================================================================
Received Import Request.
  Time since last request: 0.000188 seconds.
  path: Assets/Viking Village/Textures/Buildings/build_gate_02_sg.tif
  artifactKey: Guid(358fadcc1f3685e4493cd08fa59ed2c9) Importer(815301076,1909f56bfc062723c751e8b465ee728b)
Start importing Assets/Viking Village/Textures/Buildings/build_gate_02_sg.tif using Guid(358fadcc1f3685e4493cd08fa59ed2c9) Importer(815301076,1909f56bfc062723c751e8b465ee728b)  -> (artifact id: 'db3a4e2007956faf3ba00f5f9af37ea4') in 0.005596 seconds
  Import took 0.007618 seconds .

========================================================================
Received Import Request.
  Time since last request: 0.000278 seconds.
  path: Assets/Viking Village/Textures/Buildings/build_dragonhead_01_n.tif
  artifactKey: Guid(0ed66b1e3183d31478f24ef2e67fa8eb) Importer(815301076,1909f56bfc062723c751e8b465ee728b)
Start importing Assets/Viking Village/Textures/Buildings/build_dragonhead_01_n.tif using Guid(0ed66b1e3183d31478f24ef2e67fa8eb) Importer(815301076,1909f56bfc062723c751e8b465ee728b)  -> (artifact id: 'eb5779f17076909be0c00d98553bc31b') in 0.005842 seconds
  Import took 0.007783 seconds .

========================================================================
Received Import Request.
  Time since last request: 24.845366 seconds.
  path: Assets/Viking Village/Textures/Buildings/build_strawroofs_01_a.tif
  artifactKey: Guid(23f9b61e82d1a484e8d09394b298c3f9) Importer(815301076,1909f56bfc062723c751e8b465ee728b)
Start importing Assets/Viking Village/Textures/Buildings/build_strawroofs_01_a.tif using Guid(23f9b61e82d1a484e8d09394b298c3f9) Importer(815301076,1909f56bfc062723c751e8b465ee728b)  -> (artifact id: 'b33624c60bc242a55db7b5f1e9d18712') in 0.033955 seconds
  Import took 0.035757 seconds .

========================================================================
Received Import Request.
  Time since last request: 0.001915 seconds.
  path: Assets/Viking Village/Textures/Buildings/build_strawroofs_01_a.tif
  artifactKey: Guid(23f9b61e82d1a484e8d09394b298c3f9) Importer(815301076,1909f56bfc062723c751e8b465ee728b)
Start importing Assets/Viking Village/Textures/Buildings/build_strawroofs_01_a.tif using Guid(23f9b61e82d1a484e8d09394b298c3f9) Importer(815301076,1909f56bfc062723c751e8b465ee728b)  -> (artifact id: 'b33624c60bc242a55db7b5f1e9d18712') in 0.008827 seconds
  Import took 0.010816 seconds .

========================================================================
Received Import Request.
  Time since last request: 14.240711 seconds.
  path: Assets/Viking Village/Textures/Buildings/build_strawroofs_01_n.tif
  artifactKey: Guid(dda9654122c08ad4ebc1d2c4aef2224e) Importer(815301076,1909f56bfc062723c751e8b465ee728b)
Start importing Assets/Viking Village/Textures/Buildings/build_strawroofs_01_n.tif using Guid(dda9654122c08ad4ebc1d2c4aef2224e) Importer(815301076,1909f56bfc062723c751e8b465ee728b)  -> (artifact id: '41b23a5738b3aa4c43d68568a333e2d1') in 0.033283 seconds
  Import took 0.035269 seconds .

========================================================================
Received Import Request.
  Time since last request: 0.001895 seconds.
  path: Assets/Viking Village/Textures/Buildings/build_strawroofs_01_n.tif
  artifactKey: Guid(dda9654122c08ad4ebc1d2c4aef2224e) Importer(815301076,1909f56bfc062723c751e8b465ee728b)
Start importing Assets/Viking Village/Textures/Buildings/build_strawroofs_01_n.tif using Guid(dda9654122c08ad4ebc1d2c4aef2224e) Importer(815301076,1909f56bfc062723c751e8b465ee728b)  -> (artifact id: '41b23a5738b3aa4c43d68568a333e2d1') in 0.008659 seconds
  Import took 0.010524 seconds .

========================================================================
Received Import Request.
  Time since last request: 3.614221 seconds.
  path: Assets/Viking Village/Textures/Buildings/build_strawroofs_01_o.tif
  artifactKey: Guid(d67d76fd50a8ead43ab6c408277202a2) Importer(815301076,1909f56bfc062723c751e8b465ee728b)
Start importing Assets/Viking Village/Textures/Buildings/build_strawroofs_01_o.tif using Guid(d67d76fd50a8ead43ab6c408277202a2) Importer(815301076,1909f56bfc062723c751e8b465ee728b)  -> (artifact id: 'ee70c21812d7a58c249e6816c30f5905') in 0.009576 seconds
  Import took 0.011240 seconds .

========================================================================
Received Import Request.
  Time since last request: 0.000187 seconds.
  path: Assets/Viking Village/Textures/Buildings/build_tower_01_n.tif
  artifactKey: Guid(7ae2ae16460c9684182cab0ca61dfeda) Importer(815301076,1909f56bfc062723c751e8b465ee728b)
Start importing Assets/Viking Village/Textures/Buildings/build_tower_01_n.tif using Guid(7ae2ae16460c9684182cab0ca61dfeda) Importer(815301076,1909f56bfc062723c751e8b465ee728b)  -> (artifact id: '055651d18967d957a0da6e42ac92d37a') in 0.008809 seconds
  Import took 0.010332 seconds .

========================================================================
Received Import Request.
  Time since last request: 0.000197 seconds.
  path: Assets/Viking Village/Textures/Buildings/build_tower_02_n.tif
  artifactKey: Guid(7842493d725a7b94387fcf152333bbc0) Importer(815301076,1909f56bfc062723c751e8b465ee728b)
Start importing Assets/Viking Village/Textures/Buildings/build_tower_02_n.tif using Guid(7842493d725a7b94387fcf152333bbc0) Importer(815301076,1909f56bfc062723c751e8b465ee728b)  -> (artifact id: '5c4f4360b3ecd0da70578f9edfb6824f') in 0.007451 seconds
  Import took 0.008998 seconds .

========================================================================
Received Import Request.
  Time since last request: 0.000170 seconds.
  path: Assets/Viking Village/Textures/Buildings/build_tower_01_a.tif
  artifactKey: Guid(fc537b0c64a7ca5458e6371ff288af44) Importer(815301076,1909f56bfc062723c751e8b465ee728b)
Start importing Assets/Viking Village/Textures/Buildings/build_tower_01_a.tif using Guid(fc537b0c64a7ca5458e6371ff288af44) Importer(815301076,1909f56bfc062723c751e8b465ee728b)  -> (artifact id: 'c8344ab3a4cd36837b4e8f4c4c633fbf') in 0.012505 seconds
  Import took 0.014117 seconds .

========================================================================
Received Import Request.
  Time since last request: 0.000175 seconds.
  path: Assets/Viking Village/Textures/Buildings/build_tower_02_a.tif
  artifactKey: Guid(34845642a9dbe004aac657852e4b63e6) Importer(815301076,1909f56bfc062723c751e8b465ee728b)
Start importing Assets/Viking Village/Textures/Buildings/build_tower_02_a.tif using Guid(34845642a9dbe004aac657852e4b63e6) Importer(815301076,1909f56bfc062723c751e8b465ee728b)  -> (artifact id: 'b8cbf59cfef89957b0a8476d26c029cd') in 0.005182 seconds
  Import took 0.006939 seconds .

========================================================================
Received Import Request.
  Time since last request: 0.000167 seconds.
  path: Assets/Viking Village/Textures/Buildings/build_tower_01_SG.tif
  artifactKey: Guid(680257f3cca415d40b06cd74a38821a3) Importer(815301076,1909f56bfc062723c751e8b465ee728b)
Start importing Assets/Viking Village/Textures/Buildings/build_tower_01_SG.tif using Guid(680257f3cca415d40b06cd74a38821a3) Importer(815301076,1909f56bfc062723c751e8b465ee728b)  -> (artifact id: '147da277aae627a429a297c9d4252b7e') in 0.005363 seconds
  Import took 0.007061 seconds .

========================================================================
Received Import Request.
  Time since last request: 0.000312 seconds.
  path: Assets/Viking Village/Textures/Buildings/build_strawroofs_02_n.tif
  artifactKey: Guid(1dd0ff673f5f4fd4ba9643118392cce0) Importer(815301076,1909f56bfc062723c751e8b465ee728b)
Start importing Assets/Viking Village/Textures/Buildings/build_strawroofs_02_n.tif using Guid(1dd0ff673f5f4fd4ba9643118392cce0) Importer(815301076,1909f56bfc062723c751e8b465ee728b)  -> (artifact id: 'a3e290d071dc68d3600d63b129e76800') in 0.007762 seconds
  Import took 0.009851 seconds .

========================================================================
Received Import Request.
  Time since last request: 0.000220 seconds.
  path: Assets/Viking Village/Textures/Buildings/build_tower_01_o.tif
  artifactKey: Guid(9c27cf8cc1d81b54aadf0b766e52c71a) Importer(815301076,1909f56bfc062723c751e8b465ee728b)
Start importing Assets/Viking Village/Textures/Buildings/build_tower_01_o.tif using Guid(9c27cf8cc1d81b54aadf0b766e52c71a) Importer(815301076,1909f56bfc062723c751e8b465ee728b)  -> (artifact id: '3e1b752452b7171255579d47e6fa515f') in 0.005414 seconds
  Import took 0.007262 seconds .

========================================================================
Received Import Request.
  Time since last request: 0.010225 seconds.
  path: Assets/Viking Village/Textures/Buildings/build_tower_02_o.tif
  artifactKey: Guid(1efc88df58bfb8141aaec6144749c70a) Importer(815301076,1909f56bfc062723c751e8b465ee728b)
Start importing Assets/Viking Village/Textures/Buildings/build_tower_02_o.tif using Guid(1efc88df58bfb8141aaec6144749c70a) Importer(815301076,1909f56bfc062723c751e8b465ee728b)  -> (artifact id: 'ebef091da31a8cc92a19ff1f95af92bc') in 0.005942 seconds
  Import took 0.007638 seconds .

========================================================================
Received Import Request.
  Time since last request: 0.000195 seconds.
  path: Assets/Viking Village/Textures/Buildings/build_village_fence_01_a.tif
  artifactKey: Guid(5061c548b4bcc48feb042fe5c7cc9359) Importer(815301076,1909f56bfc062723c751e8b465ee728b)
Start importing Assets/Viking Village/Textures/Buildings/build_village_fence_01_a.tif using Guid(5061c548b4bcc48feb042fe5c7cc9359) Importer(815301076,1909f56bfc062723c751e8b465ee728b)  -> (artifact id: 'a67c0169aad6d2abab6ca5a939492f6e') in 0.005232 seconds
  Import took 0.007007 seconds .

========================================================================
Received Import Request.
  Time since last request: 0.000197 seconds.
  path: Assets/Viking Village/Textures/Buildings/build_tower_03_n.tif
  artifactKey: Guid(126337c83553cd14e9d8b6b6a02576d1) Importer(815301076,1909f56bfc062723c751e8b465ee728b)
Start importing Assets/Viking Village/Textures/Buildings/build_tower_03_n.tif using Guid(126337c83553cd14e9d8b6b6a02576d1) Importer(815301076,1909f56bfc062723c751e8b465ee728b)  -> (artifact id: '285d9a9847e2c5e48ae80b1af98a1eed') in 0.006730 seconds
  Import took 0.008853 seconds .

========================================================================
Received Import Request.
  Time since last request: 0.000201 seconds.
  path: Assets/Viking Village/Textures/Buildings/build_village_fence_01_o.tif
  artifactKey: Guid(70d214517d7864e5c9a4bf2573ba0bca) Importer(815301076,1909f56bfc062723c751e8b465ee728b)
Start importing Assets/Viking Village/Textures/Buildings/build_village_fence_01_o.tif using Guid(70d214517d7864e5c9a4bf2573ba0bca) Importer(815301076,1909f56bfc062723c751e8b465ee728b)  -> (artifact id: '4584252fcd26fc2faf9e2d28e1c44173') in 0.005516 seconds
  Import took 0.007768 seconds .

========================================================================
Received Import Request.
  Time since last request: 0.000235 seconds.
  path: Assets/Viking Village/Textures/Buildings/build_tower_03_sg.tif
  artifactKey: Guid(b08980c5784d06d4fad7fc716ea86f21) Importer(815301076,1909f56bfc062723c751e8b465ee728b)
Start importing Assets/Viking Village/Textures/Buildings/build_tower_03_sg.tif using Guid(b08980c5784d06d4fad7fc716ea86f21) Importer(815301076,1909f56bfc062723c751e8b465ee728b)  -> (artifact id: '6c35dfe7969e8b3245ade8d08b16ccf1') in 0.006115 seconds
  Import took 0.008260 seconds .

========================================================================
Received Import Request.
  Time since last request: 0.000229 seconds.
  path: Assets/Viking Village/Textures/Buildings/build_tower_03_a.tif
  artifactKey: Guid(d073635a72e83a44181ff94f76f34e73) Importer(815301076,1909f56bfc062723c751e8b465ee728b)
Start importing Assets/Viking Village/Textures/Buildings/build_tower_03_a.tif using Guid(d073635a72e83a44181ff94f76f34e73) Importer(815301076,1909f56bfc062723c751e8b465ee728b)  -> (artifact id: 'd39e3805737b6a87cdd1122fddff6ca7') in 0.005294 seconds
  Import took 0.007068 seconds .

========================================================================
Received Import Request.
  Time since last request: 0.000180 seconds.
  path: Assets/Viking Village/Textures/Buildings/build_tower_03_o.tif
  artifactKey: Guid(bc6ea655d0528b746a17130f3a94c059) Importer(815301076,1909f56bfc062723c751e8b465ee728b)
Start importing Assets/Viking Village/Textures/Buildings/build_tower_03_o.tif using Guid(bc6ea655d0528b746a17130f3a94c059) Importer(815301076,1909f56bfc062723c751e8b465ee728b)  -> (artifact id: 'bded076cdebe21d8c5665b7718b89517') in 0.004304 seconds
  Import took 0.006327 seconds .

========================================================================
Received Import Request.
  Time since last request: 0.000235 seconds.
  path: Assets/Viking Village/Textures/Buildings/build_village_fence_01_n.tif
  artifactKey: Guid(8e352cb081b7246d7ad890ba3dc594a1) Importer(815301076,1909f56bfc062723c751e8b465ee728b)
Start importing Assets/Viking Village/Textures/Buildings/build_village_fence_01_n.tif using Guid(8e352cb081b7246d7ad890ba3dc594a1) Importer(815301076,1909f56bfc062723c751e8b465ee728b)  -> (artifact id: '1763148395e0f7539b77b4c337602c9a') in 0.004511 seconds
  Import took 0.006664 seconds .

========================================================================
Received Import Request.
  Time since last request: 0.442917 seconds.
  path: Assets/Viking Village/Textures/Buildings/build_village_fence_01_sg.tif
  artifactKey: Guid(7b5bb3bdc8bed61439e9900591311b3e) Importer(815301076,1909f56bfc062723c751e8b465ee728b)
Start importing Assets/Viking Village/Textures/Buildings/build_village_fence_01_sg.tif using Guid(7b5bb3bdc8bed61439e9900591311b3e) Importer(815301076,1909f56bfc062723c751e8b465ee728b)  -> (artifact id: '7280ce5a22fed66056ffdddbd1c919fc') in 0.010373 seconds
  Import took 0.012183 seconds .

========================================================================
Received Import Request.
  Time since last request: 9.508098 seconds.
  path: Assets/Viking Village/Textures/Props/prop_barrel_01_a.tif
  artifactKey: Guid(331a012fdbf7f934796cdbc74ae62fb3) Importer(815301076,1909f56bfc062723c751e8b465ee728b)
Start importing Assets/Viking Village/Textures/Props/prop_barrel_01_a.tif using Guid(331a012fdbf7f934796cdbc74ae62fb3) Importer(815301076,1909f56bfc062723c751e8b465ee728b)  -> (artifact id: '1b02ddb320c27ba53bd5ec749a197db0') in 0.007447 seconds
  Import took 0.009199 seconds .

========================================================================
Received Import Request.
  Time since last request: 0.000168 seconds.
  path: Assets/Viking Village/Textures/Props/prop_fish_01_n.tif
  artifactKey: Guid(d531e943e10d79f45b50015355fe9dcb) Importer(815301076,1909f56bfc062723c751e8b465ee728b)
Start importing Assets/Viking Village/Textures/Props/prop_fish_01_n.tif using Guid(d531e943e10d79f45b50015355fe9dcb) Importer(815301076,1909f56bfc062723c751e8b465ee728b)  -> (artifact id: '29ea8f28db46be3ba1b1f90af18ac41d') in 0.004909 seconds
  Import took 0.006761 seconds .

========================================================================
Received Import Request.
  Time since last request: 0.000231 seconds.
  path: Assets/Viking Village/Textures/Props/prop_barrelbucketboardlogpile_01_o.tif
  artifactKey: Guid(65b17a52cf64c471fb7809fb0cdb4811) Importer(815301076,1909f56bfc062723c751e8b465ee728b)
Start importing Assets/Viking Village/Textures/Props/prop_barrelbucketboardlogpile_01_o.tif using Guid(65b17a52cf64c471fb7809fb0cdb4811) Importer(815301076,1909f56bfc062723c751e8b465ee728b)  -> (artifact id: '1aab7ed5d3b7716bf6e17f53191df22c') in 0.006259 seconds
  Import took 0.008334 seconds .

========================================================================
Received Import Request.
  Time since last request: 0.000199 seconds.
  path: Assets/Viking Village/Textures/Props/prop_bucket_01_sg.tif
  artifactKey: Guid(f125a43237e1ab04eabb86f3df35dc6a) Importer(815301076,1909f56bfc062723c751e8b465ee728b)
Start importing Assets/Viking Village/Textures/Props/prop_bucket_01_sg.tif using Guid(f125a43237e1ab04eabb86f3df35dc6a) Importer(815301076,1909f56bfc062723c751e8b465ee728b)  -> (artifact id: '564651f130cb9936585d50b448438708') in 0.006372 seconds
  Import took 0.008365 seconds .

========================================================================
Received Import Request.
  Time since last request: 0.000203 seconds.
  path: Assets/Viking Village/Textures/Props/prop_menhir_01_d.tif
  artifactKey: Guid(f807b8a901e5c63498d6cde6dc440c5e) Importer(815301076,1909f56bfc062723c751e8b465ee728b)
Start importing Assets/Viking Village/Textures/Props/prop_menhir_01_d.tif using Guid(f807b8a901e5c63498d6cde6dc440c5e) Importer(815301076,1909f56bfc062723c751e8b465ee728b)  -> (artifact id: '622c55424e3aa2cdc662d6a042f96a28') in 0.007999 seconds
  Import took 0.010211 seconds .

========================================================================
Received Import Request.
  Time since last request: 0.000178 seconds.
  path: Assets/Viking Village/Textures/Props/prop_barrel_01_n.tif
  artifactKey: Guid(b6a29449e2334634888aead1338831fd) Importer(815301076,1909f56bfc062723c751e8b465ee728b)
Start importing Assets/Viking Village/Textures/Props/prop_barrel_01_n.tif using Guid(b6a29449e2334634888aead1338831fd) Importer(815301076,1909f56bfc062723c751e8b465ee728b)  -> (artifact id: 'e0bbc93af9cc9c7082adfb621fd5ce37') in 0.007444 seconds
  Import took 0.009271 seconds .

========================================================================
Received Import Request.
  Time since last request: 0.000184 seconds.
  path: Assets/Viking Village/Textures/Props/prop_boardwalk_01_d.tif
  artifactKey: Guid(4c320eb9c9638bb479f4e1c12f46ab8c) Importer(815301076,1909f56bfc062723c751e8b465ee728b)
Start importing Assets/Viking Village/Textures/Props/prop_boardwalk_01_d.tif using Guid(4c320eb9c9638bb479f4e1c12f46ab8c) Importer(815301076,1909f56bfc062723c751e8b465ee728b)  -> (artifact id: '5b3c54467d25582e054006f318b6f3c7') in 0.006163 seconds
  Import took 0.008089 seconds .

========================================================================
Received Import Request.
  Time since last request: 0.000194 seconds.
  path: Assets/Viking Village/Textures/Props/prop_boardwalk_01_o.tif
  artifactKey: Guid(5ef69ade15bd2714d99596d49a5934ee) Importer(815301076,1909f56bfc062723c751e8b465ee728b)
Start importing Assets/Viking Village/Textures/Props/prop_boardwalk_01_o.tif using Guid(5ef69ade15bd2714d99596d49a5934ee) Importer(815301076,1909f56bfc062723c751e8b465ee728b)  -> (artifact id: '9f71d51612d0bf40b64487639250d3f3') in 0.007440 seconds
  Import took 0.009494 seconds .

========================================================================
Received Import Request.
  Time since last request: 0.000218 seconds.
  path: Assets/Viking Village/Textures/Props/prop_boardwalk_01_sg.tif
  artifactKey: Guid(7a4091c8dee1cb84ebf79364e090a0b3) Importer(815301076,1909f56bfc062723c751e8b465ee728b)
Start importing Assets/Viking Village/Textures/Props/prop_boardwalk_01_sg.tif using Guid(7a4091c8dee1cb84ebf79364e090a0b3) Importer(815301076,1909f56bfc062723c751e8b465ee728b)  -> (artifact id: '0a8981ff00feb3323ca4ecd02ec8217f') in 0.005269 seconds
  Import took 0.007403 seconds .

========================================================================
Received Import Request.
  Time since last request: 0.000207 seconds.
  path: Assets/Viking Village/Textures/Props/prop_fish_01_sg.tif
  artifactKey: Guid(439e834387a29f7418ead893e70c96fc) Importer(815301076,1909f56bfc062723c751e8b465ee728b)
Start importing Assets/Viking Village/Textures/Props/prop_fish_01_sg.tif using Guid(439e834387a29f7418ead893e70c96fc) Importer(815301076,1909f56bfc062723c751e8b465ee728b)  -> (artifact id: '072e8e5f41d27b84a226ab410f828786') in 0.006729 seconds
  Import took 0.008680 seconds .

========================================================================
Received Import Request.
  Time since last request: 0.000187 seconds.
  path: Assets/Viking Village/Textures/Props/prop_barrel_01_sg.tif
  artifactKey: Guid(2be69b1584d71e048a393fff2ef0a80d) Importer(815301076,1909f56bfc062723c751e8b465ee728b)
Start importing Assets/Viking Village/Textures/Props/prop_barrel_01_sg.tif using Guid(2be69b1584d71e048a393fff2ef0a80d) Importer(815301076,1909f56bfc062723c751e8b465ee728b)  -> (artifact id: 'e08d88e804c462bd2dfb05e4911c571f') in 0.005005 seconds
  Import took 0.006769 seconds .

========================================================================
Received Import Request.
  Time since last request: 0.000213 seconds.
  path: Assets/Viking Village/Textures/Props/prop_barrelbucketboardlogpile_01_d.tif
  artifactKey: Guid(c0f9d8e82ea334901a38b03ff14919c1) Importer(815301076,1909f56bfc062723c751e8b465ee728b)
Start importing Assets/Viking Village/Textures/Props/prop_barrelbucketboardlogpile_01_d.tif using Guid(c0f9d8e82ea334901a38b03ff14919c1) Importer(815301076,1909f56bfc062723c751e8b465ee728b)  -> (artifact id: 'e1bd7123b0c95d3b5851464f111ce0a8') in 0.008640 seconds
  Import took 0.011167 seconds .

========================================================================
Received Import Request.
  Time since last request: 0.000186 seconds.
  path: Assets/Viking Village/Textures/Props/prop_bucket_01_a.tif
  artifactKey: Guid(037dea175588e8649b80d238764e9814) Importer(815301076,1909f56bfc062723c751e8b465ee728b)
Start importing Assets/Viking Village/Textures/Props/prop_bucket_01_a.tif using Guid(037dea175588e8649b80d238764e9814) Importer(815301076,1909f56bfc062723c751e8b465ee728b)  -> (artifact id: 'b7784055d54b0b530337762a58a93cba') in 0.006287 seconds
  Import took 0.008586 seconds .

========================================================================
Received Import Request.
  Time since last request: 0.000222 seconds.
  path: Assets/Viking Village/Textures/Props/prop_fence_02_n.tif
  artifactKey: Guid(f56e8c73d755f2347b44412fc6ad9b0f) Importer(815301076,1909f56bfc062723c751e8b465ee728b)
Start importing Assets/Viking Village/Textures/Props/prop_fence_02_n.tif using Guid(f56e8c73d755f2347b44412fc6ad9b0f) Importer(815301076,1909f56bfc062723c751e8b465ee728b)  -> (artifact id: '73001da8e8ebe19552e21b914df32a20') in 0.005366 seconds
  Import took 0.007300 seconds .

========================================================================
Received Import Request.
  Time since last request: 0.000185 seconds.
  path: Assets/Viking Village/Textures/Props/prop_barrelbucketboardlogpile_01_m.tif
  artifactKey: Guid(a3ab0e71126fc4dce8fff4717d991240) Importer(815301076,1909f56bfc062723c751e8b465ee728b)
Start importing Assets/Viking Village/Textures/Props/prop_barrelbucketboardlogpile_01_m.tif using Guid(a3ab0e71126fc4dce8fff4717d991240) Importer(815301076,1909f56bfc062723c751e8b465ee728b)  -> (artifact id: 'e063eb670169ad2168bbd335d9dca7ef') in 0.005657 seconds
  Import took 0.007213 seconds .

========================================================================
Received Import Request.
  Time since last request: 0.000203 seconds.
  path: Assets/Viking Village/Textures/Props/prop_boulderrunemenhirskull_01_n.tif
  artifactKey: Guid(0790bc0fac2fc4f9385b778c6c034103) Importer(815301076,1909f56bfc062723c751e8b465ee728b)
Start importing Assets/Viking Village/Textures/Props/prop_boulderrunemenhirskull_01_n.tif using Guid(0790bc0fac2fc4f9385b778c6c034103) Importer(815301076,1909f56bfc062723c751e8b465ee728b)  -> (artifact id: 'b21d340a763015f22201e9bd2ee6cce4') in 0.028184 seconds
  Import took 0.031750 seconds .

========================================================================
Received Import Request.
  Time since last request: 0.000216 seconds.
  path: Assets/Viking Village/Textures/Props/prop_bucket_01_n.tif
  artifactKey: Guid(81e46d8ffd02cd647a14da3d9ca7cf5f) Importer(815301076,1909f56bfc062723c751e8b465ee728b)
Start importing Assets/Viking Village/Textures/Props/prop_bucket_01_n.tif using Guid(81e46d8ffd02cd647a14da3d9ca7cf5f) Importer(815301076,1909f56bfc062723c751e8b465ee728b)  -> (artifact id: '484d412233b8943ae75c682268649a73') in 0.006445 seconds
  Import took 0.008638 seconds .

========================================================================
Received Import Request.
  Time since last request: 0.000191 seconds.
  path: Assets/Viking Village/Textures/Props/prop_fence_02_o.tif
  artifactKey: Guid(8cba82c5350f91d46ad8e6539ff3c81f) Importer(815301076,1909f56bfc062723c751e8b465ee728b)
Start importing Assets/Viking Village/Textures/Props/prop_fence_02_o.tif using Guid(8cba82c5350f91d46ad8e6539ff3c81f) Importer(815301076,1909f56bfc062723c751e8b465ee728b)  -> (artifact id: '23fc80eb43228eefbce48ca44c6cb982') in 0.004684 seconds
  Import took 0.006269 seconds .

========================================================================
Received Import Request.
  Time since last request: 0.000179 seconds.
  path: Assets/Viking Village/Textures/Props/prop_logpile_01_d.tif
  artifactKey: Guid(d63235a1baa078547836de0f1163621a) Importer(815301076,1909f56bfc062723c751e8b465ee728b)
Start importing Assets/Viking Village/Textures/Props/prop_logpile_01_d.tif using Guid(d63235a1baa078547836de0f1163621a) Importer(815301076,1909f56bfc062723c751e8b465ee728b)  -> (artifact id: '2ff2f2ea8b2d4c2cf597efaecb76fa7a') in 0.006148 seconds
  Import took 0.007641 seconds .

========================================================================
Received Import Request.
  Time since last request: 0.000174 seconds.
  path: Assets/Viking Village/Textures/Props/prop_barrelbucketboardlogpile_01_sg.tif
  artifactKey: Guid(e7a0257ded7444f5398d4881e482d209) Importer(815301076,1909f56bfc062723c751e8b465ee728b)
Start importing Assets/Viking Village/Textures/Props/prop_barrelbucketboardlogpile_01_sg.tif using Guid(e7a0257ded7444f5398d4881e482d209) Importer(815301076,1909f56bfc062723c751e8b465ee728b)  -> (artifact id: '0fbb8db3c63228f87fe0cded4123bcb6') in 0.008507 seconds
  Import took 0.010257 seconds .

========================================================================
Received Import Request.
  Time since last request: 0.000202 seconds.
  path: Assets/Viking Village/Textures/Props/prop_bucket_01_m.tif
  artifactKey: Guid(9b3684bd43f478b4eab5cccb4376d6ed) Importer(815301076,1909f56bfc062723c751e8b465ee728b)
Start importing Assets/Viking Village/Textures/Props/prop_bucket_01_m.tif using Guid(9b3684bd43f478b4eab5cccb4376d6ed) Importer(815301076,1909f56bfc062723c751e8b465ee728b)  -> (artifact id: '5de4bfd9502336e0a6806f8620023252') in 0.004971 seconds
  Import took 0.006922 seconds .

========================================================================
Received Import Request.
  Time since last request: 0.000240 seconds.
  path: Assets/Viking Village/Textures/Props/prop_barrel_01_m.tif
  artifactKey: Guid(e4bc5f5561c22f74d865e9e3aa8ccf78) Importer(815301076,1909f56bfc062723c751e8b465ee728b)
Start importing Assets/Viking Village/Textures/Props/prop_barrel_01_m.tif using Guid(e4bc5f5561c22f74d865e9e3aa8ccf78) Importer(815301076,1909f56bfc062723c751e8b465ee728b)  -> (artifact id: 'c3a1d1e4be6fe1a1a3607f9246b5e23d') in 0.005734 seconds
  Import took 0.007442 seconds .

========================================================================
Received Import Request.
  Time since last request: 0.000160 seconds.
  path: Assets/Viking Village/Textures/Props/prop_boulder_01_n.tif
  artifactKey: Guid(358713d2af00ff9419bd685bc7e2c050) Importer(815301076,1909f56bfc062723c751e8b465ee728b)
Start importing Assets/Viking Village/Textures/Props/prop_boulder_01_n.tif using Guid(358713d2af00ff9419bd685bc7e2c050) Importer(815301076,1909f56bfc062723c751e8b465ee728b)  -> (artifact id: '5e29ed0f417d74244aed99c10cdc16bd') in 0.009998 seconds
  Import took 0.011860 seconds .

========================================================================
Received Import Request.
  Time since last request: 0.000178 seconds.
  path: Assets/Viking Village/Textures/Props/prop_barrel_01_o.tif
  artifactKey: Guid(f411e92f84107f740a97019594c0a0fa) Importer(815301076,1909f56bfc062723c751e8b465ee728b)
Start importing Assets/Viking Village/Textures/Props/prop_barrel_01_o.tif using Guid(f411e92f84107f740a97019594c0a0fa) Importer(815301076,1909f56bfc062723c751e8b465ee728b)  -> (artifact id: 'effc794435320c81764c2a3045dc1e69') in 0.005285 seconds
  Import took 0.007126 seconds .

========================================================================
Received Import Request.
  Time since last request: 0.000194 seconds.
  path: Assets/Viking Village/Textures/Props/prop_bucket_01_o.tif
  artifactKey: Guid(17860e88baf7b1b4e893b851e49d886d) Importer(815301076,1909f56bfc062723c751e8b465ee728b)
Start importing Assets/Viking Village/Textures/Props/prop_bucket_01_o.tif using Guid(17860e88baf7b1b4e893b851e49d886d) Importer(815301076,1909f56bfc062723c751e8b465ee728b)  -> (artifact id: '4a1e9ad0f9e955165e2fee9cc2ab6984') in 0.005534 seconds
  Import took 0.007511 seconds .

========================================================================
Received Import Request.
  Time since last request: 0.000183 seconds.
  path: Assets/Viking Village/Textures/Props/prop_barrelbucketboardlogpile_01_n.tif
  artifactKey: Guid(141722c4d95a94c5e8c58c8c66f1bf3a) Importer(815301076,1909f56bfc062723c751e8b465ee728b)
Start importing Assets/Viking Village/Textures/Props/prop_barrelbucketboardlogpile_01_n.tif using Guid(141722c4d95a94c5e8c58c8c66f1bf3a) Importer(815301076,1909f56bfc062723c751e8b465ee728b)  -> (artifact id: '8c46796a6b4ca28e6a510b55cfde9f39') in 0.008348 seconds
  Import took 0.010258 seconds .

========================================================================
Received Import Request.
  Time since last request: 0.000196 seconds.
  path: Assets/Viking Village/Textures/Props/prop_menhir_01_n.tif
  artifactKey: Guid(e0dd606afdeb3a4468516a06e2fb1794) Importer(815301076,1909f56bfc062723c751e8b465ee728b)
Start importing Assets/Viking Village/Textures/Props/prop_menhir_01_n.tif using Guid(e0dd606afdeb3a4468516a06e2fb1794) Importer(815301076,1909f56bfc062723c751e8b465ee728b)  -> (artifact id: '91f86111df068c113accb2a23f492dee') in 0.010326 seconds
  Import took 0.012636 seconds .

========================================================================
Received Import Request.
  Time since last request: 0.000207 seconds.
  path: Assets/Viking Village/Textures/Props/prop_boulder_01_d.tif
  artifactKey: Guid(89ef3fc198d444447bf7f040589bcc64) Importer(815301076,1909f56bfc062723c751e8b465ee728b)
Start importing Assets/Viking Village/Textures/Props/prop_boulder_01_d.tif using Guid(89ef3fc198d444447bf7f040589bcc64) Importer(815301076,1909f56bfc062723c751e8b465ee728b)  -> (artifact id: '7eb482849395888b026bb5cf2ed92486') in 0.006992 seconds
  Import took 0.008959 seconds .

========================================================================
Received Import Request.
  Time since last request: 0.000198 seconds.
  path: Assets/Viking Village/Textures/Props/prop_boulderrunemenhirskull_01_sg.tif
  artifactKey: Guid(360f96a5be5dc4a62a3ff30360c565fc) Importer(815301076,1909f56bfc062723c751e8b465ee728b)
Start importing Assets/Viking Village/Textures/Props/prop_boulderrunemenhirskull_01_sg.tif using Guid(360f96a5be5dc4a62a3ff30360c565fc) Importer(815301076,1909f56bfc062723c751e8b465ee728b)  -> (artifact id: 'a455d5e6317a168052e9961466480065') in 0.025277 seconds
  Import took 0.029093 seconds .

========================================================================
Received Import Request.
  Time since last request: 0.000255 seconds.
  path: Assets/Viking Village/Textures/Props/prop_fish_01_d.tif
  artifactKey: Guid(08aaec5225cd5b2408b423ac6e35fd7e) Importer(815301076,1909f56bfc062723c751e8b465ee728b)
Start importing Assets/Viking Village/Textures/Props/prop_fish_01_d.tif using Guid(08aaec5225cd5b2408b423ac6e35fd7e) Importer(815301076,1909f56bfc062723c751e8b465ee728b)  -> (artifact id: 'da37dfcae36b9a587053fb20fbbc1b26') in 0.007281 seconds
  Import took 0.009649 seconds .

========================================================================
Received Import Request.
  Time since last request: 0.000275 seconds.
  path: Assets/Viking Village/Textures/Props/prop_fence_02_a.tif
  artifactKey: Guid(518249a30c8ae754ba6ace7438dae717) Importer(815301076,1909f56bfc062723c751e8b465ee728b)
Start importing Assets/Viking Village/Textures/Props/prop_fence_02_a.tif using Guid(518249a30c8ae754ba6ace7438dae717) Importer(815301076,1909f56bfc062723c751e8b465ee728b)  -> (artifact id: 'd3e5206107bd6437e9530506e54c4d83') in 0.005533 seconds
  Import took 0.007534 seconds .

========================================================================
Received Import Request.
  Time since last request: 0.000221 seconds.
  path: Assets/Viking Village/Textures/Props/prop_boardwalk_01_n.tif
  artifactKey: Guid(0987e2b8bb6d7bb40bd4dfacc19deb4d) Importer(815301076,1909f56bfc062723c751e8b465ee728b)
Start importing Assets/Viking Village/Textures/Props/prop_boardwalk_01_n.tif using Guid(0987e2b8bb6d7bb40bd4dfacc19deb4d) Importer(815301076,1909f56bfc062723c751e8b465ee728b)  -> (artifact id: '17dbca122542fc75b697a578db8ea661') in 0.005718 seconds
  Import took 0.007440 seconds .

========================================================================
Received Import Request.
  Time since last request: 0.000158 seconds.
  path: Assets/Viking Village/Textures/Props/prop_boulderrunemenhirskull_01_d.tif
  artifactKey: Guid(26ed59ea2cdb24a5bba321ffff8e19ce) Importer(815301076,1909f56bfc062723c751e8b465ee728b)
Start importing Assets/Viking Village/Textures/Props/prop_boulderrunemenhirskull_01_d.tif using Guid(26ed59ea2cdb24a5bba321ffff8e19ce) Importer(815301076,1909f56bfc062723c751e8b465ee728b)  -> (artifact id: '904ba3dfd4b07154e53ab7703624c637') in 0.012426 seconds
  Import took 0.013949 seconds .

========================================================================
Received Import Request.
  Time since last request: 1.009480 seconds.
  path: Assets/Viking Village/Textures/Terrain/terrain_01_m.tif
  artifactKey: Guid(59abea2798d958545844e5110e4cbfe6) Importer(815301076,1909f56bfc062723c751e8b465ee728b)
Start importing Assets/Viking Village/Textures/Terrain/terrain_01_m.tif using Guid(59abea2798d958545844e5110e4cbfe6) Importer(815301076,1909f56bfc062723c751e8b465ee728b)  -> (artifact id: '4d26d176aedef5bd4e26933030b8ac1c') in 0.009483 seconds
  Import took 0.011378 seconds .

========================================================================
Received Import Request.
  Time since last request: 0.000184 seconds.
  path: Assets/Viking Village/Textures/Terrain/terrain_01_o.tif
  artifactKey: Guid(7b895c7902f0f4f43908aba30ba6c079) Importer(815301076,1909f56bfc062723c751e8b465ee728b)
Start importing Assets/Viking Village/Textures/Terrain/terrain_01_o.tif using Guid(7b895c7902f0f4f43908aba30ba6c079) Importer(815301076,1909f56bfc062723c751e8b465ee728b)  -> (artifact id: 'a66f5ff0bce9b35623b06256ea2185fb') in 0.006382 seconds
  Import took 0.008348 seconds .

========================================================================
Received Import Request.
  Time since last request: 0.000258 seconds.
  path: Assets/Viking Village/Textures/Terrain/terrain_grass_01_a_darker.tif
  artifactKey: Guid(8f81199c7a78242fa94d2b11796326a2) Importer(815301076,1909f56bfc062723c751e8b465ee728b)
Start importing Assets/Viking Village/Textures/Terrain/terrain_grass_01_a_darker.tif using Guid(8f81199c7a78242fa94d2b11796326a2) Importer(815301076,1909f56bfc062723c751e8b465ee728b)  -> (artifact id: 'a305495f92cf5537742bdba0b8bb8e79') in 0.008309 seconds
  Import took 0.010307 seconds .

========================================================================
Received Import Request.
  Time since last request: 0.000289 seconds.
  path: Assets/Viking Village/Textures/Terrain/terrain_mudslide_01_sg.tif
  artifactKey: Guid(3d2140ec449eb0049bc3eb51c3a7cf7b) Importer(815301076,1909f56bfc062723c751e8b465ee728b)
Start importing Assets/Viking Village/Textures/Terrain/terrain_mudslide_01_sg.tif using Guid(3d2140ec449eb0049bc3eb51c3a7cf7b) Importer(815301076,1909f56bfc062723c751e8b465ee728b)  -> (artifact id: '881da0cf56aaf20c398d3d649ead3035') in 0.008710 seconds
  Import took 0.010502 seconds .

========================================================================
Received Import Request.
  Time since last request: 0.000192 seconds.
  path: Assets/Viking Village/Textures/Terrain/terrain_far_01_sg.tif
  artifactKey: Guid(9d6e57e2db5d42e4abd7abe5f1f605fa) Importer(815301076,1909f56bfc062723c751e8b465ee728b)
Start importing Assets/Viking Village/Textures/Terrain/terrain_far_01_sg.tif using Guid(9d6e57e2db5d42e4abd7abe5f1f605fa) Importer(815301076,1909f56bfc062723c751e8b465ee728b)  -> (artifact id: '6e2ac96f27fd9ef315f2eb1a2d501d87') in 0.009444 seconds
  Import took 0.011312 seconds .

========================================================================
Received Import Request.
  Time since last request: 0.000191 seconds.
  path: Assets/Viking Village/Textures/Terrain/terrain_grass_01_sg.tif
  artifactKey: Guid(592277751c386d34fa5609a321b5618e) Importer(815301076,1909f56bfc062723c751e8b465ee728b)
Start importing Assets/Viking Village/Textures/Terrain/terrain_grass_01_sg.tif using Guid(592277751c386d34fa5609a321b5618e) Importer(815301076,1909f56bfc062723c751e8b465ee728b)  -> (artifact id: '088b01da8304c8e7a17aa8129c82033c') in 0.008448 seconds
  Import took 0.009984 seconds .

========================================================================
Received Import Request.
  Time since last request: 0.000181 seconds.
  path: Assets/Viking Village/Textures/Terrain/terrain_wetmud_01_a.tif
  artifactKey: Guid(167d49ba0032b4ebfa6a20636dd77232) Importer(815301076,1909f56bfc062723c751e8b465ee728b)
Start importing Assets/Viking Village/Textures/Terrain/terrain_wetmud_01_a.tif using Guid(167d49ba0032b4ebfa6a20636dd77232) Importer(815301076,1909f56bfc062723c751e8b465ee728b)  -> (artifact id: '43927dbb49c4269f08e599cf2fe15980') in 0.008711 seconds
  Import took 0.010263 seconds .

========================================================================
Received Import Request.
  Time since last request: 0.000170 seconds.
  path: Assets/Viking Village/Textures/Terrain/terrain_01_n.tif
  artifactKey: Guid(e0a154ce4939e8e4c82784703d1a9221) Importer(815301076,1909f56bfc062723c751e8b465ee728b)
Start importing Assets/Viking Village/Textures/Terrain/terrain_01_n.tif using Guid(e0a154ce4939e8e4c82784703d1a9221) Importer(815301076,1909f56bfc062723c751e8b465ee728b)  -> (artifact id: 'ad81bf5b95a4bcb34bfe5d028633b3b0') in 0.009515 seconds
  Import took 0.011431 seconds .

========================================================================
Received Import Request.
  Time since last request: 0.000225 seconds.
  path: Assets/Viking Village/Textures/Terrain/terrain_wetmud_01_sg.tif
  artifactKey: Guid(7efbcde42c5d84118b6d591943460041) Importer(815301076,1909f56bfc062723c751e8b465ee728b)
Start importing Assets/Viking Village/Textures/Terrain/terrain_wetmud_01_sg.tif using Guid(7efbcde42c5d84118b6d591943460041) Importer(815301076,1909f56bfc062723c751e8b465ee728b)  -> (artifact id: 'ed8b6d00ea1e1088fe615cb9dbc433b2') in 0.007983 seconds
  Import took 0.009575 seconds .

========================================================================
Received Import Request.
  Time since last request: 0.000212 seconds.
  path: Assets/Viking Village/Textures/Terrain/terrain_mudslide_01_n.tif
  artifactKey: Guid(527b74b713b11c54b8b3ee728b61cd6f) Importer(815301076,1909f56bfc062723c751e8b465ee728b)
Start importing Assets/Viking Village/Textures/Terrain/terrain_mudslide_01_n.tif using Guid(527b74b713b11c54b8b3ee728b61cd6f) Importer(815301076,1909f56bfc062723c751e8b465ee728b)  -> (artifact id: '2b72fa0e589e4a7daeaa17966a58d131') in 0.010062 seconds
  Import took 0.011701 seconds .

========================================================================
Received Import Request.
  Time since last request: 0.000184 seconds.
  path: Assets/Viking Village/Textures/Terrain/terrain_grass_01_n.tif
  artifactKey: Guid(84956715d52a7f040a6a341dfd449801) Importer(815301076,1909f56bfc062723c751e8b465ee728b)
Start importing Assets/Viking Village/Textures/Terrain/terrain_grass_01_n.tif using Guid(84956715d52a7f040a6a341dfd449801) Importer(815301076,1909f56bfc062723c751e8b465ee728b)  -> (artifact id: '5f913a8ae82fd6974057038697744a5d') in 0.009295 seconds
  Import took 0.011121 seconds .

========================================================================
Received Import Request.
  Time since last request: 0.000256 seconds.
  path: Assets/Viking Village/Textures/Terrain/terrain_mudslide_01_a.tif
  artifactKey: Guid(afbd2772cfa009b46bbd9838dd988440) Importer(815301076,1909f56bfc062723c751e8b465ee728b)
Start importing Assets/Viking Village/Textures/Terrain/terrain_mudslide_01_a.tif using Guid(afbd2772cfa009b46bbd9838dd988440) Importer(815301076,1909f56bfc062723c751e8b465ee728b)  -> (artifact id: 'b93286967f601381571ddcc860bed30d') in 0.009067 seconds
  Import took 0.010798 seconds .

========================================================================
Received Import Request.
  Time since last request: 0.000169 seconds.
  path: Assets/Viking Village/Textures/Terrain/terrain_wetmud_01_n.tif
  artifactKey: Guid(263398b767195469fbf321b5076d64ea) Importer(815301076,1909f56bfc062723c751e8b465ee728b)
Start importing Assets/Viking Village/Textures/Terrain/terrain_wetmud_01_n.tif using Guid(263398b767195469fbf321b5076d64ea) Importer(815301076,1909f56bfc062723c751e8b465ee728b)  -> (artifact id: 'bf523a649f502a7547c1dbdf8f6fb97e') in 0.010087 seconds
  Import took 0.011551 seconds .

========================================================================
Received Import Request.
  Time since last request: 0.000188 seconds.
  path: Assets/Viking Village/Textures/Terrain/terrain_01_o_highpassed.tif
  artifactKey: Guid(656d6658b11e8f04baa5eae4a1f79262) Importer(815301076,1909f56bfc062723c751e8b465ee728b)
Start importing Assets/Viking Village/Textures/Terrain/terrain_01_o_highpassed.tif using Guid(656d6658b11e8f04baa5eae4a1f79262) Importer(815301076,1909f56bfc062723c751e8b465ee728b)  -> (artifact id: 'b0c1b7535c831e4d0a762bcb190b9c00') in 0.009564 seconds
  Import took 0.011613 seconds .

========================================================================
Received Import Request.
  Time since last request: 0.000197 seconds.
  path: Assets/Viking Village/Textures/Terrain/terrain_grass_01_a.tif
  artifactKey: Guid(7379bd0702051604e95990811452abc6) Importer(815301076,1909f56bfc062723c751e8b465ee728b)
Start importing Assets/Viking Village/Textures/Terrain/terrain_grass_01_a.tif using Guid(7379bd0702051604e95990811452abc6) Importer(815301076,1909f56bfc062723c751e8b465ee728b)  -> (artifact id: '39fb55c469ba3b52f65e83a5bd0584d6') in 0.009853 seconds
  Import took 0.011802 seconds .

========================================================================
Received Import Request.
  Time since last request: 0.000169 seconds.
  path: Assets/Viking Village/Textures/Terrain/terrain_far_01_a2.tif
  artifactKey: Guid(1fbe296afbc88c24a8c99040c4af8dd1) Importer(815301076,1909f56bfc062723c751e8b465ee728b)
Start importing Assets/Viking Village/Textures/Terrain/terrain_far_01_a2.tif using Guid(1fbe296afbc88c24a8c99040c4af8dd1) Importer(815301076,1909f56bfc062723c751e8b465ee728b)  -> (artifact id: '8096f978e57ed2397cb298bff7c162e9') in 0.008204 seconds
  Import took 0.009952 seconds .

========================================================================
Received Import Request.
  Time since last request: 0.880205 seconds.
  path: Assets/Viking Village/Textures/Vegetation/veg_foliage_01_d.tif
  artifactKey: Guid(b6d5bc43b64f9c7408cecc6e0dc05977) Importer(815301076,1909f56bfc062723c751e8b465ee728b)
Start importing Assets/Viking Village/Textures/Vegetation/veg_foliage_01_d.tif using Guid(b6d5bc43b64f9c7408cecc6e0dc05977) Importer(815301076,1909f56bfc062723c751e8b465ee728b)  -> (artifact id: '542993fdacc2be1511c40ab32d299350') in 0.004772 seconds
  Import took 0.006610 seconds .

========================================================================
Received Import Request.
  Time since last request: 0.000195 seconds.
  path: Assets/Viking Village/Textures/Vegetation/veg_grass_01_d.tif
  artifactKey: Guid(45b5a1a2a3bd1ff4393f6ce7fa50758a) Importer(815301076,1909f56bfc062723c751e8b465ee728b)
Start importing Assets/Viking Village/Textures/Vegetation/veg_grass_01_d.tif using Guid(45b5a1a2a3bd1ff4393f6ce7fa50758a) Importer(815301076,1909f56bfc062723c751e8b465ee728b)  -> (artifact id: 'fa31caabe1c6c1e058d8e78b77588c76') in 0.005670 seconds
  Import took 0.007375 seconds .

========================================================================
Received Import Request.
  Time since last request: 4.364230 seconds.
  path: Assets/Viking Village/Textures/Props/prop_rune_01_d.tif
  artifactKey: Guid(7289e50d10db6f24ca97b9707bfc2b79) Importer(815301076,1909f56bfc062723c751e8b465ee728b)
Start importing Assets/Viking Village/Textures/Props/prop_rune_01_d.tif using Guid(7289e50d10db6f24ca97b9707bfc2b79) Importer(815301076,1909f56bfc062723c751e8b465ee728b)  -> (artifact id: 'b645e6768d0b52034596ee16cea00769') in 0.011604 seconds
  Import took 0.013728 seconds .

========================================================================
Received Import Request.
  Time since last request: 0.000270 seconds.
  path: Assets/Viking Village/Textures/Props/prop_shield_01_n.tif
  artifactKey: Guid(9a3694bfb38f09648a7248d8e6160605) Importer(815301076,1909f56bfc062723c751e8b465ee728b)
Start importing Assets/Viking Village/Textures/Props/prop_shield_01_n.tif using Guid(9a3694bfb38f09648a7248d8e6160605) Importer(815301076,1909f56bfc062723c751e8b465ee728b)  -> (artifact id: 'cd44877b0ea902f00b05cb650a573f0b') in 0.009369 seconds
  Import took 0.011078 seconds .

========================================================================
Received Import Request.
  Time since last request: 0.000185 seconds.
  path: Assets/Viking Village/Textures/Props/prop_shieldmenhirswordshovelhalberdfish_sg.tif
  artifactKey: Guid(894a501bb45034c5a9559a89e76bc308) Importer(815301076,1909f56bfc062723c751e8b465ee728b)
Start importing Assets/Viking Village/Textures/Props/prop_shieldmenhirswordshovelhalberdfish_sg.tif using Guid(894a501bb45034c5a9559a89e76bc308) Importer(815301076,1909f56bfc062723c751e8b465ee728b)  -> (artifact id: 'ae032b9b9a9ca38c2f386d50594fd2a3') in 0.029109 seconds
  Import took 0.033515 seconds .

========================================================================
Received Import Request.
  Time since last request: 0.000255 seconds.
  path: Assets/Viking Village/Textures/Props/prop_shield_01_d.tif
  artifactKey: Guid(a7dc626610cc07e4b9fabfd101979ada) Importer(815301076,1909f56bfc062723c751e8b465ee728b)
Start importing Assets/Viking Village/Textures/Props/prop_shield_01_d.tif using Guid(a7dc626610cc07e4b9fabfd101979ada) Importer(815301076,1909f56bfc062723c751e8b465ee728b)  -> (artifact id: '013c54e22d2380862148837b236dba2d') in 0.007666 seconds
  Import took 0.009357 seconds .

========================================================================
Received Import Request.
  Time since last request: 0.000209 seconds.
  path: Assets/Viking Village/Textures/Props/prop_shield_03_o.tif
  artifactKey: Guid(eb58d99782a645c478337012addb8c5c) Importer(815301076,1909f56bfc062723c751e8b465ee728b)
Start importing Assets/Viking Village/Textures/Props/prop_shield_03_o.tif using Guid(eb58d99782a645c478337012addb8c5c) Importer(815301076,1909f56bfc062723c751e8b465ee728b)  -> (artifact id: 'd76c74e71a8ffc10844ac8cf18e298f0') in 0.007171 seconds
  Import took 0.008765 seconds .

========================================================================
Received Import Request.
  Time since last request: 0.000224 seconds.
  path: Assets/Viking Village/Textures/Props/prop_shield_01_sg.tif
  artifactKey: Guid(882293f5fee5223478ea927675112fdc) Importer(815301076,1909f56bfc062723c751e8b465ee728b)
Start importing Assets/Viking Village/Textures/Props/prop_shield_01_sg.tif using Guid(882293f5fee5223478ea927675112fdc) Importer(815301076,1909f56bfc062723c751e8b465ee728b)  -> (artifact id: '8bb9fa8c5865eb24b581c778d7a126e9') in 0.009787 seconds
  Import took 0.011496 seconds .

========================================================================
Received Import Request.
  Time since last request: 0.000203 seconds.
  path: Assets/Viking Village/Textures/Props/prop_skull_02_d.tif
  artifactKey: Guid(43047c8c78b4a4b0ab8992a6dbeb8027) Importer(815301076,1909f56bfc062723c751e8b465ee728b)
Start importing Assets/Viking Village/Textures/Props/prop_skull_02_d.tif using Guid(43047c8c78b4a4b0ab8992a6dbeb8027) Importer(815301076,1909f56bfc062723c751e8b465ee728b)  -> (artifact id: '44f6d559f5b560932fab09610763f218') in 0.004111 seconds
  Import took 0.005824 seconds .

========================================================================
Received Import Request.
  Time since last request: 0.000178 seconds.
  path: Assets/Viking Village/Textures/Props/prop_shield_03_sg.tif
  artifactKey: Guid(4a8c07b1687ddfd4ab749f9ad1dbffd2) Importer(815301076,1909f56bfc062723c751e8b465ee728b)
Start importing Assets/Viking Village/Textures/Props/prop_shield_03_sg.tif using Guid(4a8c07b1687ddfd4ab749f9ad1dbffd2) Importer(815301076,1909f56bfc062723c751e8b465ee728b)  -> (artifact id: 'ac80093a2e4ceed44bd981d4cae2664a') in 0.010114 seconds
  Import took 0.011891 seconds .

========================================================================
Received Import Request.
  Time since last request: 0.000310 seconds.
  path: Assets/Viking Village/Textures/Props/prop_shield_03_n.tif
  artifactKey: Guid(825df6faf48d2414aa8b126b10e28956) Importer(815301076,1909f56bfc062723c751e8b465ee728b)
Start importing Assets/Viking Village/Textures/Props/prop_shield_03_n.tif using Guid(825df6faf48d2414aa8b126b10e28956) Importer(815301076,1909f56bfc062723c751e8b465ee728b)  -> (artifact id: 'a38b19040036662cafa23a86d4e7cac7') in 0.010030 seconds
  Import took 0.011846 seconds .

========================================================================
Received Import Request.
  Time since last request: 0.000252 seconds.
  path: Assets/Viking Village/Textures/Props/prop_skull_01_sg.tif
  artifactKey: Guid(2ca53f551afaf794a81b4159babdd3a6) Importer(815301076,1909f56bfc062723c751e8b465ee728b)
Start importing Assets/Viking Village/Textures/Props/prop_skull_01_sg.tif using Guid(2ca53f551afaf794a81b4159babdd3a6) Importer(815301076,1909f56bfc062723c751e8b465ee728b)  -> (artifact id: 'd2ea9dc7d432353d65a1e9634686e522') in 0.005521 seconds
  Import took 0.007455 seconds .

========================================================================
Received Import Request.
  Time since last request: 0.000255 seconds.
  path: Assets/Viking Village/Textures/Props/prop_shield_02_d.tif
  artifactKey: Guid(4d4fbb4336b398a478f0fed996fa347e) Importer(815301076,1909f56bfc062723c751e8b465ee728b)
Start importing Assets/Viking Village/Textures/Props/prop_shield_02_d.tif using Guid(4d4fbb4336b398a478f0fed996fa347e) Importer(815301076,1909f56bfc062723c751e8b465ee728b)  -> (artifact id: 'db8da58af0a44d973d8aa5fc7eb62995') in 0.007613 seconds
  Import took 0.009598 seconds .

========================================================================
Received Import Request.
  Time since last request: 0.000172 seconds.
  path: Assets/Viking Village/Textures/Props/prop_shield_03_a.tif
  artifactKey: Guid(5a2cdbe262fd7634e83ad27f830d8d6d) Importer(815301076,1909f56bfc062723c751e8b465ee728b)
Start importing Assets/Viking Village/Textures/Props/prop_shield_03_a.tif using Guid(5a2cdbe262fd7634e83ad27f830d8d6d) Importer(815301076,1909f56bfc062723c751e8b465ee728b)  -> (artifact id: '04a172141f774f8b236aac2eb5798a40') in 0.004966 seconds
  Import took 0.006673 seconds .

========================================================================
Received Import Request.
  Time since last request: 0.000227 seconds.
  path: Assets/Viking Village/Textures/Props/prop_sword_shovel_halberd_01_o.tif
  artifactKey: Guid(aaa298fba92280b41a1a986f0c8acd7f) Importer(815301076,1909f56bfc062723c751e8b465ee728b)
Start importing Assets/Viking Village/Textures/Props/prop_sword_shovel_halberd_01_o.tif using Guid(aaa298fba92280b41a1a986f0c8acd7f) Importer(815301076,1909f56bfc062723c751e8b465ee728b)  -> (artifact id: '8982647b72b06888ae3037018e239fb1') in 0.005050 seconds
  Import took 0.007014 seconds .

========================================================================
Received Import Request.
  Time since last request: 0.000221 seconds.
  path: Assets/Viking Village/Textures/Props/prop_sword_shovel_halberd_01_n.tif
  artifactKey: Guid(8e8365bdbdf9e3445b36b959d1554222) Importer(815301076,1909f56bfc062723c751e8b465ee728b)
Start importing Assets/Viking Village/Textures/Props/prop_sword_shovel_halberd_01_n.tif using Guid(8e8365bdbdf9e3445b36b959d1554222) Importer(815301076,1909f56bfc062723c751e8b465ee728b)  -> (artifact id: '8ea0ad2c9b8a3473ff6b311acc188cdc') in 0.011171 seconds
  Import took 0.013539 seconds .

========================================================================
Received Import Request.
  Time since last request: 0.000240 seconds.
  path: Assets/Viking Village/Textures/Props/prop_sword_shovel_halberd_01_sg.tif
  artifactKey: Guid(2aaaeb66f8f208f45b71648bb8130029) Importer(815301076,1909f56bfc062723c751e8b465ee728b)
Start importing Assets/Viking Village/Textures/Props/prop_sword_shovel_halberd_01_sg.tif using Guid(2aaaeb66f8f208f45b71648bb8130029) Importer(815301076,1909f56bfc062723c751e8b465ee728b)  -> (artifact id: 'b59ffec2d090df6954f6136f3f71610f') in 0.009347 seconds
  Import took 0.010959 seconds .

========================================================================
Received Import Request.
  Time since last request: 0.000181 seconds.
  path: Assets/Viking Village/Textures/Props/prop_rune_01_d.tif
  artifactKey: Guid(7289e50d10db6f24ca97b9707bfc2b79) Importer(815301076,1909f56bfc062723c751e8b465ee728b)
Start importing Assets/Viking Village/Textures/Props/prop_rune_01_d.tif using Guid(7289e50d10db6f24ca97b9707bfc2b79) Importer(815301076,1909f56bfc062723c751e8b465ee728b)  -> (artifact id: 'b645e6768d0b52034596ee16cea00769') in 0.007096 seconds
  Import took 0.009156 seconds .

========================================================================
Received Import Request.
  Time since last request: 0.000220 seconds.
  path: Assets/Viking Village/Textures/Props/prop_skull_01_o.tif
  artifactKey: Guid(e8970d68f1797024194fe0b8c429d598) Importer(815301076,1909f56bfc062723c751e8b465ee728b)
Start importing Assets/Viking Village/Textures/Props/prop_skull_01_o.tif using Guid(e8970d68f1797024194fe0b8c429d598) Importer(815301076,1909f56bfc062723c751e8b465ee728b)  -> (artifact id: 'c0f09014c2badaef84f0cf88bbcad6e0') in 0.005044 seconds
  Import took 0.006795 seconds .

========================================================================
Received Import Request.
  Time since last request: 0.000179 seconds.
  path: Assets/Viking Village/Textures/Props/prop_shieldmenhirswordshovelhalberdfish_n.tif
  artifactKey: Guid(2cc6c6981d3ef42d48504935e9bc8c6b) Importer(815301076,1909f56bfc062723c751e8b465ee728b)
Start importing Assets/Viking Village/Textures/Props/prop_shieldmenhirswordshovelhalberdfish_n.tif using Guid(2cc6c6981d3ef42d48504935e9bc8c6b) Importer(815301076,1909f56bfc062723c751e8b465ee728b)  -> (artifact id: '2cb3b0b58b483fa9f5a0ff2115e575c1') in 0.027466 seconds
  Import took 0.031167 seconds .

========================================================================
Received Import Request.
  Time since last request: 0.000188 seconds.
  path: Assets/Viking Village/Textures/Props/prop_shieldmenhirswordshovelhalberdfish_o.tif
  artifactKey: Guid(fc6aa459436434f29919b1f6a95262a7) Importer(815301076,1909f56bfc062723c751e8b465ee728b)
Start importing Assets/Viking Village/Textures/Props/prop_shieldmenhirswordshovelhalberdfish_o.tif using Guid(fc6aa459436434f29919b1f6a95262a7) Importer(815301076,1909f56bfc062723c751e8b465ee728b)  -> (artifact id: '0ead55d3b685103b1908a948051cbc65') in 0.007288 seconds
  Import took 0.009216 seconds .

========================================================================
Received Import Request.
  Time since last request: 0.000216 seconds.
  path: Assets/Viking Village/Textures/Props/prop_rune_01_n.tif
  artifactKey: Guid(0a11933c811f3884ea71c92e766be627) Importer(815301076,1909f56bfc062723c751e8b465ee728b)
Start importing Assets/Viking Village/Textures/Props/prop_rune_01_n.tif using Guid(0a11933c811f3884ea71c92e766be627) Importer(815301076,1909f56bfc062723c751e8b465ee728b)  -> (artifact id: '0b3f5adbd8d5caef483073075e2a8b34') in 0.009398 seconds
  Import took 0.011175 seconds .

========================================================================
Received Import Request.
  Time since last request: 0.000189 seconds.
  path: Assets/Viking Village/Textures/Props/prop_shield_02_o.tif
  artifactKey: Guid(a5ac9e4101e9a1845b1f44ac8118bb24) Importer(815301076,1909f56bfc062723c751e8b465ee728b)
Start importing Assets/Viking Village/Textures/Props/prop_shield_02_o.tif using Guid(a5ac9e4101e9a1845b1f44ac8118bb24) Importer(815301076,1909f56bfc062723c751e8b465ee728b)  -> (artifact id: '59f58d00809b859db35f9673043f10fc') in 0.006257 seconds
  Import took 0.008043 seconds .

========================================================================
Received Import Request.
  Time since last request: 0.000221 seconds.
  path: Assets/Viking Village/Textures/Props/prop_sword_shovel_halberd_01_e.tif
  artifactKey: Guid(8c06409ba5328f14690e76fccb2340cc) Importer(815301076,1909f56bfc062723c751e8b465ee728b)
Start importing Assets/Viking Village/Textures/Props/prop_sword_shovel_halberd_01_e.tif using Guid(8c06409ba5328f14690e76fccb2340cc) Importer(815301076,1909f56bfc062723c751e8b465ee728b)  -> (artifact id: '364de8dca1e090bfb21bbb459d7d100d') in 0.004896 seconds
  Import took 0.006567 seconds .

========================================================================
Received Import Request.
  Time since last request: 0.000198 seconds.
  path: Assets/Viking Village/Textures/Props/prop_rune_01_sg.tif
  artifactKey: Guid(bce327f75e0b11b498376eec68e1cd0f) Importer(815301076,1909f56bfc062723c751e8b465ee728b)
Start importing Assets/Viking Village/Textures/Props/prop_rune_01_sg.tif using Guid(bce327f75e0b11b498376eec68e1cd0f) Importer(815301076,1909f56bfc062723c751e8b465ee728b)  -> (artifact id: '6cfbdea7cd55f786f5cd4644186de045') in 0.008891 seconds
  Import took 0.010463 seconds .

========================================================================
Received Import Request.
  Time since last request: 0.000205 seconds.
  path: Assets/Viking Village/Textures/Props/prop_skull_01_n.tif
  artifactKey: Guid(92378b13b7353cf4fa924cd4562876be) Importer(815301076,1909f56bfc062723c751e8b465ee728b)
Start importing Assets/Viking Village/Textures/Props/prop_skull_01_n.tif using Guid(92378b13b7353cf4fa924cd4562876be) Importer(815301076,1909f56bfc062723c751e8b465ee728b)  -> (artifact id: 'c1b1f68d180b7a4106a0850bbc2ab848') in 0.005555 seconds
  Import took 0.007238 seconds .

========================================================================
Received Import Request.
  Time since last request: 0.000220 seconds.
  path: Assets/Viking Village/Textures/Props/prop_sword_shovel_halberd_01_d.tif
  artifactKey: Guid(3f168a0ff902ac649892b6e734c3d6e6) Importer(815301076,1909f56bfc062723c751e8b465ee728b)
Start importing Assets/Viking Village/Textures/Props/prop_sword_shovel_halberd_01_d.tif using Guid(3f168a0ff902ac649892b6e734c3d6e6) Importer(815301076,1909f56bfc062723c751e8b465ee728b)  -> (artifact id: '8cf98f96af5d02bee38c57d392fd9be9') in 0.007598 seconds
  Import took 0.009466 seconds .

========================================================================
Received Import Request.
  Time since last request: 0.000248 seconds.
  path: Assets/Viking Village/Textures/Props/prop_shieldmenhirswordshovelhalberdfish_d.tif
  artifactKey: Guid(ae5e87a0b446e4538be4ce71e2afbdee) Importer(815301076,1909f56bfc062723c751e8b465ee728b)
Start importing Assets/Viking Village/Textures/Props/prop_shieldmenhirswordshovelhalberdfish_d.tif using Guid(ae5e87a0b446e4538be4ce71e2afbdee) Importer(815301076,1909f56bfc062723c751e8b465ee728b)  -> (artifact id: 'e11933acf6a20ea4ca8cb85e911e3507') in 0.013652 seconds
  Import took 0.015654 seconds .

========================================================================
Received Import Request.
  Time since last request: 0.000268 seconds.
  path: Assets/Viking Village/Textures/Props/prop_skull_01_d.tif
  artifactKey: Guid(75446bca69bca9d46919051a549068b6) Importer(815301076,1909f56bfc062723c751e8b465ee728b)
Start importing Assets/Viking Village/Textures/Props/prop_skull_01_d.tif using Guid(75446bca69bca9d46919051a549068b6) Importer(815301076,1909f56bfc062723c751e8b465ee728b)  -> (artifact id: '5fe03c8b1e7acf7198e829de3bf044fa') in 0.005578 seconds
  Import took 0.007548 seconds .

========================================================================
Received Import Request.
  Time since last request: 4.468984 seconds.
  path: Assets/Viking Village/Textures/midgrey.tif
  artifactKey: Guid(37cc52a2055f6934dad950c330a3ac79) Importer(815301076,1909f56bfc062723c751e8b465ee728b)
Start importing Assets/Viking Village/Textures/midgrey.tif using Guid(37cc52a2055f6934dad950c330a3ac79) Importer(815301076,1909f56bfc062723c751e8b465ee728b)  -> (artifact id: 'b199737ff8b025393ae6055b45958fae') in 0.009848 seconds
  Import took 0.011508 seconds .

========================================================================
Received Import Request.
  Time since last request: 0.000189 seconds.
  path: Assets/Viking Village/Textures/wood_tiled_02_rotated_a.tif
  artifactKey: Guid(b071f5ad21e70ed4cb9486ba504fa7ad) Importer(815301076,1909f56bfc062723c751e8b465ee728b)
Start importing Assets/Viking Village/Textures/wood_tiled_02_rotated_a.tif using Guid(b071f5ad21e70ed4cb9486ba504fa7ad) Importer(815301076,1909f56bfc062723c751e8b465ee728b)  -> (artifact id: '7e79cbb3e356f1af15b54f725cb87511') in 0.007145 seconds
  Import took 0.008698 seconds .

========================================================================
Received Import Request.
  Time since last request: 0.000193 seconds.
  path: Assets/Viking Village/Textures/SunTemp.tif
  artifactKey: Guid(0e70d29ea31de4b81979297e8d5756f1) Importer(815301076,1909f56bfc062723c751e8b465ee728b)
Start importing Assets/Viking Village/Textures/SunTemp.tif using Guid(0e70d29ea31de4b81979297e8d5756f1) Importer(815301076,1909f56bfc062723c751e8b465ee728b)  -> (artifact id: '21506965ba7fe70ca82385fb0564d259') in 0.006198 seconds
  Import took 0.007817 seconds .

========================================================================
Received Import Request.
  Time since last request: 0.000181 seconds.
  path: Assets/Viking Village/Textures/wood_tiled_03_n.tif
  artifactKey: Guid(596b33ebc0887e74f8a8eb312c28ca7e) Importer(815301076,1909f56bfc062723c751e8b465ee728b)
Start importing Assets/Viking Village/Textures/wood_tiled_03_n.tif using Guid(596b33ebc0887e74f8a8eb312c28ca7e) Importer(815301076,1909f56bfc062723c751e8b465ee728b)  -> (artifact id: '928a840230fcb3928f2818cc0453be4d') in 0.006565 seconds
  Import took 0.008119 seconds .

========================================================================
Received Import Request.
  Time since last request: 0.000185 seconds.
  path: Assets/Viking Village/Textures/wood_tiled_02_rotated_n.tif
  artifactKey: Guid(6815f51831293bb4cafe887a09e93c02) Importer(815301076,1909f56bfc062723c751e8b465ee728b)
Start importing Assets/Viking Village/Textures/wood_tiled_02_rotated_n.tif using Guid(6815f51831293bb4cafe887a09e93c02) Importer(815301076,1909f56bfc062723c751e8b465ee728b)  -> (artifact id: '273e67062c43a626e5e18e2c725c8e9f') in 0.009495 seconds
  Import took 0.011612 seconds .

========================================================================
Received Import Request.
  Time since last request: 0.000273 seconds.
  path: Assets/Viking Village/Textures/wood_tiled_02_a.tif
  artifactKey: Guid(69c23a9535a4c2143bdfda7b563b993a) Importer(815301076,1909f56bfc062723c751e8b465ee728b)
Start importing Assets/Viking Village/Textures/wood_tiled_02_a.tif using Guid(69c23a9535a4c2143bdfda7b563b993a) Importer(815301076,1909f56bfc062723c751e8b465ee728b)  -> (artifact id: '815d99de83f7ef7e28888d1306ad53cf') in 0.007851 seconds
  Import took 0.009641 seconds .

========================================================================
Received Import Request.
  Time since last request: 0.000188 seconds.
  path: Assets/Viking Village/Textures/wood_d.tif
  artifactKey: Guid(a40faa3a9f847e349a5101d9964f41a6) Importer(815301076,1909f56bfc062723c751e8b465ee728b)
Start importing Assets/Viking Village/Textures/wood_d.tif using Guid(a40faa3a9f847e349a5101d9964f41a6) Importer(815301076,1909f56bfc062723c751e8b465ee728b)  -> (artifact id: 'c7df52a98d6e3fe8e11a0bc5b7ebc78d') in 0.006902 seconds
  Import took 0.008481 seconds .

========================================================================
Received Import Request.
  Time since last request: 0.000216 seconds.
  path: Assets/Viking Village/Textures/wood_tiled_01_a.tif
  artifactKey: Guid(528aee0a16384f94f879a24aab933a57) Importer(815301076,1909f56bfc062723c751e8b465ee728b)
Start importing Assets/Viking Village/Textures/wood_tiled_01_a.tif using Guid(528aee0a16384f94f879a24aab933a57) Importer(815301076,1909f56bfc062723c751e8b465ee728b)  -> (artifact id: '5aab7fab1340552d35f4e079e11fc38d') in 0.006954 seconds
  Import took 0.008508 seconds .

========================================================================
Received Import Request.
  Time since last request: 0.000200 seconds.
  path: Assets/Viking Village/Textures/wood_tiled_03_a.tif
  artifactKey: Guid(a0fff3e053e70494ba9c91d152aeffa0) Importer(815301076,1909f56bfc062723c751e8b465ee728b)
Start importing Assets/Viking Village/Textures/wood_tiled_03_a.tif using Guid(a0fff3e053e70494ba9c91d152aeffa0) Importer(815301076,1909f56bfc062723c751e8b465ee728b)  -> (artifact id: 'fa92382161eff60c2bcf86f0354721bc') in 0.006517 seconds
  Import took 0.008333 seconds .

========================================================================
Received Import Request.
  Time since last request: 0.000194 seconds.
  path: Assets/Viking Village/Textures/wood_tiled_01_n.tif
  artifactKey: Guid(9201c728a49924940a25defbfc35ad87) Importer(815301076,1909f56bfc062723c751e8b465ee728b)
Start importing Assets/Viking Village/Textures/wood_tiled_01_n.tif using Guid(9201c728a49924940a25defbfc35ad87) Importer(815301076,1909f56bfc062723c751e8b465ee728b)  -> (artifact id: '2f200003bef8961e90bb23fbf16d9c54') in 0.028498 seconds
  Import took 0.032004 seconds .

========================================================================
Received Import Request.
  Time since last request: 0.000176 seconds.
  path: Assets/Viking Village/Textures/wood_tiled_03_o.tif
  artifactKey: Guid(dbecf1615df1f4b4db1c8e05461a8386) Importer(815301076,1909f56bfc062723c751e8b465ee728b)
Start importing Assets/Viking Village/Textures/wood_tiled_03_o.tif using Guid(dbecf1615df1f4b4db1c8e05461a8386) Importer(815301076,1909f56bfc062723c751e8b465ee728b)  -> (artifact id: '2b3be6719c072b25194b0d97e3d3ef53') in 0.005849 seconds
  Import took 0.007649 seconds .

========================================================================
Received Import Request.
  Time since last request: 0.000168 seconds.
  path: Assets/Viking Village/Textures/wood_n.tif
  artifactKey: Guid(43635ddb510623846a23745c53c02fad) Importer(815301076,1909f56bfc062723c751e8b465ee728b)
Start importing Assets/Viking Village/Textures/wood_n.tif using Guid(43635ddb510623846a23745c53c02fad) Importer(815301076,1909f56bfc062723c751e8b465ee728b)  -> (artifact id: '80a391ba4808c03e25f1e9c899de7be2') in 0.005763 seconds
  Import took 0.007348 seconds .

========================================================================
Received Import Request.
  Time since last request: 0.000187 seconds.
  path: Assets/Viking Village/Textures/wood_tiled_02_o.tif
  artifactKey: Guid(cda04cf139859604badb70af62700f4b) Importer(815301076,1909f56bfc062723c751e8b465ee728b)
Start importing Assets/Viking Village/Textures/wood_tiled_02_o.tif using Guid(cda04cf139859604badb70af62700f4b) Importer(815301076,1909f56bfc062723c751e8b465ee728b)  -> (artifact id: '749b43e6d6b4f6b24bf4ceb095966259') in 0.008369 seconds
  Import took 0.010012 seconds .

========================================================================
Received Import Request.
  Time since last request: 0.000178 seconds.
  path: Assets/Viking Village/Textures/wood_tiled_02_n.tif
  artifactKey: Guid(017469a3ea9ca3e4ea89e14f79a6e221) Importer(815301076,1909f56bfc062723c751e8b465ee728b)
Start importing Assets/Viking Village/Textures/wood_tiled_02_n.tif using Guid(017469a3ea9ca3e4ea89e14f79a6e221) Importer(815301076,1909f56bfc062723c751e8b465ee728b)  -> (artifact id: 'ee94c42abb28baf966b45787b2213232') in 0.028841 seconds
  Import took 0.032668 seconds .

========================================================================
Received Import Request.
  Time since last request: 13.184293 seconds.
  path: Assets/Viking Village/Textures/Skies/Daytime/Cloud_01.tif
  artifactKey: Guid(311ce39566df95548af1cbca5ac82099) Importer(815301076,1909f56bfc062723c751e8b465ee728b)
Start importing Assets/Viking Village/Textures/Skies/Daytime/Cloud_01.tif using Guid(311ce39566df95548af1cbca5ac82099) Importer(815301076,1909f56bfc062723c751e8b465ee728b)  -> (artifact id: '8cda78a5df68ce2442006e285f920128') in 0.005829 seconds
  Import took 0.008122 seconds .

========================================================================
Received Import Request.
  Time since last request: 0.000256 seconds.
  path: Assets/Viking Village/Textures/Skies/Daytime/SunsetSkyboxHDR.hdr
  artifactKey: Guid(162dc31de7b037a499723ffee6bd3e07) Importer(815301076,1909f56bfc062723c751e8b465ee728b)
Start importing Assets/Viking Village/Textures/Skies/Daytime/SunsetSkyboxHDR.hdr using Guid(162dc31de7b037a499723ffee6bd3e07) Importer(815301076,1909f56bfc062723c751e8b465ee728b)  -> (artifact id: 'ecdf95774bdb2699eb35757f2eb85ef3') in 1.047857 seconds
  Import took 1.062985 seconds .

========================================================================
Received Import Request.
  Time since last request: 0.000189 seconds.
  path: Assets/Viking Village/Textures/Skies/Daytime/SunsetSkyboxHDR.mat
  artifactKey: Guid(4fdd082fc5e8c9d4f94ce7c5e541959a) Importer(815301076,1909f56bfc062723c751e8b465ee728b)
Start importing Assets/Viking Village/Textures/Skies/Daytime/SunsetSkyboxHDR.mat using Guid(4fdd082fc5e8c9d4f94ce7c5e541959a) Importer(815301076,1909f56bfc062723c751e8b465ee728b)  -> (artifact id: 'da91f8fb4a0c3a7e66ced4a87836ac67') in 0.879946 seconds
  Import took 0.895721 seconds .

